<?xml version="1.0" encoding="UTF-8"?>
<TestRun id="4bdb5795-393b-43dd-9496-fe4dcc996a99" name="Dial4Jobz@DIAL4JOBZ-PC 2014-07-11 16:36:18" runUser="Dial4Jobz-PC\Dial4Jobz" xmlns="http://microsoft.com/schemas/VisualStudio/TeamTest/2010">
  <TestSettings name="Default Test Settings" id="ff0657a9-f813-4e81-9254-21af62c66c09">
    <Deployment runDeploymentRoot="Dial4Jobz_DIAL4JOBZ-PC 2014-07-11 16_36_18">
      <DeploymentItem filename="D:\udhaya\kannan\latest\D4J (1)\D4J\Dial4Jobz\Dial4Jobz\bin\Dial4Jobz.dll" />
    </Deployment>
    <Execution>
      <TestTypeSpecific />
      <AgentRule name="Execution Agents">
      </AgentRule>
    </Execution>
  </TestSettings>
  <Times creation="2014-07-11T16:36:18.9291414+05:30" queuing="2014-07-11T16:36:25.1384965+05:30" start="2014-07-11T16:36:25.2945055+05:30" finish="2014-07-11T16:36:28.1546690+05:30" />
  <ResultSummary outcome="Failed">
    <Counters total="17" executed="17" error="0" failed="17" timeout="0" aborted="0" inconclusive="0" passedButRunAborted="0" notRunnable="0" notExecuted="0" disconnected="0" warning="0" passed="0" completed="0" inProgress="0" pending="0" />
  </ResultSummary>
  <TestDefinitions>
    <UnitTest name="LogOff_LogsOutAndRedirects" storage="d:\udhaya\kannan\latest\d4j (1)\d4j\dial4jobz\dial4jobz.tests\bin\debug\dial4jobz.tests.dll" id="34939394-7f95-033d-78d3-ee4189fe58a8">
      <Execution id="5b8479cb-8f06-4f0d-87cc-8452b83571a0" />
      <TestMethod codeBase="D:/udhaya/kannan/latest/D4J (1)/D4J/Dial4Jobz/Dial4Jobz.Tests/bin/Debug/Dial4Jobz.Tests.DLL" adapterTypeName="Microsoft.VisualStudio.TestTools.TestTypes.Unit.UnitTestAdapter, Microsoft.VisualStudio.QualityTools.Tips.UnitTest.Adapter, Version=10.0.0.0, Culture=neutral, PublicKeyToken=b03f5f7f11d50a3a" className="Dial4Jobz.Tests.Controllers.AccountControllerTest, Dial4Jobz.Tests, Version=1.0.0.0, Culture=neutral, PublicKeyToken=null" name="LogOff_LogsOutAndRedirects" />
    </UnitTest>
    <UnitTest name="Register_Post_ReturnsRedirectOnSuccess" storage="d:\udhaya\kannan\latest\d4j (1)\d4j\dial4jobz\dial4jobz.tests\bin\debug\dial4jobz.tests.dll" id="dbfc1878-09ba-49b0-1b06-5ed7cf8bc1b0">
      <Execution id="e9d42e29-525c-4c98-aa32-7cc1dc6ee32d" />
      <TestMethod codeBase="D:/udhaya/kannan/latest/D4J (1)/D4J/Dial4Jobz/Dial4Jobz.Tests/bin/Debug/Dial4Jobz.Tests.DLL" adapterTypeName="Microsoft.VisualStudio.TestTools.TestTypes.Unit.UnitTestAdapter, Microsoft.VisualStudio.QualityTools.Tips.UnitTest.Adapter, Version=10.0.0.0, Culture=neutral, PublicKeyToken=b03f5f7f11d50a3a" className="Dial4Jobz.Tests.Controllers.AccountControllerTest, Dial4Jobz.Tests, Version=1.0.0.0, Culture=neutral, PublicKeyToken=null" name="Register_Post_ReturnsRedirectOnSuccess" />
    </UnitTest>
    <UnitTest name="Register_Get_ReturnsView" storage="d:\udhaya\kannan\latest\d4j (1)\d4j\dial4jobz\dial4jobz.tests\bin\debug\dial4jobz.tests.dll" id="b47b0f2b-2e0c-1785-8628-2e60de42438e">
      <Execution id="95871fef-c1c9-4bac-830e-08ce9ea2203f" />
      <TestMethod codeBase="D:/udhaya/kannan/latest/D4J (1)/D4J/Dial4Jobz/Dial4Jobz.Tests/bin/Debug/Dial4Jobz.Tests.DLL" adapterTypeName="Microsoft.VisualStudio.TestTools.TestTypes.Unit.UnitTestAdapter, Microsoft.VisualStudio.QualityTools.Tips.UnitTest.Adapter, Version=10.0.0.0, Culture=neutral, PublicKeyToken=b03f5f7f11d50a3a" className="Dial4Jobz.Tests.Controllers.AccountControllerTest, Dial4Jobz.Tests, Version=1.0.0.0, Culture=neutral, PublicKeyToken=null" name="Register_Get_ReturnsView" />
    </UnitTest>
    <UnitTest name="LogOn_Post_ReturnsRedirectOnSuccess_WithoutReturnUrl" storage="d:\udhaya\kannan\latest\d4j (1)\d4j\dial4jobz\dial4jobz.tests\bin\debug\dial4jobz.tests.dll" id="0a2e69cc-e55f-517c-3b91-d8f3b5887227">
      <Execution id="63ef85f0-2dd1-4302-a6ac-c99355e98982" />
      <TestMethod codeBase="D:/udhaya/kannan/latest/D4J (1)/D4J/Dial4Jobz/Dial4Jobz.Tests/bin/Debug/Dial4Jobz.Tests.DLL" adapterTypeName="Microsoft.VisualStudio.TestTools.TestTypes.Unit.UnitTestAdapter, Microsoft.VisualStudio.QualityTools.Tips.UnitTest.Adapter, Version=10.0.0.0, Culture=neutral, PublicKeyToken=b03f5f7f11d50a3a" className="Dial4Jobz.Tests.Controllers.AccountControllerTest, Dial4Jobz.Tests, Version=1.0.0.0, Culture=neutral, PublicKeyToken=null" name="LogOn_Post_ReturnsRedirectOnSuccess_WithoutReturnUrl" />
    </UnitTest>
    <UnitTest name="LogOn_Post_ReturnsRedirectOnSuccess_WithReturnUrl" storage="d:\udhaya\kannan\latest\d4j (1)\d4j\dial4jobz\dial4jobz.tests\bin\debug\dial4jobz.tests.dll" id="6cd5f15c-af3a-a13c-5eda-62a3835ebe18">
      <Execution id="a4a0d696-93c1-4e94-a017-1814991a41d7" />
      <TestMethod codeBase="D:/udhaya/kannan/latest/D4J (1)/D4J/Dial4Jobz/Dial4Jobz.Tests/bin/Debug/Dial4Jobz.Tests.DLL" adapterTypeName="Microsoft.VisualStudio.TestTools.TestTypes.Unit.UnitTestAdapter, Microsoft.VisualStudio.QualityTools.Tips.UnitTest.Adapter, Version=10.0.0.0, Culture=neutral, PublicKeyToken=b03f5f7f11d50a3a" className="Dial4Jobz.Tests.Controllers.AccountControllerTest, Dial4Jobz.Tests, Version=1.0.0.0, Culture=neutral, PublicKeyToken=null" name="LogOn_Post_ReturnsRedirectOnSuccess_WithReturnUrl" />
    </UnitTest>
    <UnitTest name="LogOn_Post_ReturnsViewIfModelStateIsInvalid" storage="d:\udhaya\kannan\latest\d4j (1)\d4j\dial4jobz\dial4jobz.tests\bin\debug\dial4jobz.tests.dll" id="a1e3cebc-a18c-1bbe-e878-e5aac6e12e67">
      <Execution id="0b1b5733-f18e-4357-b5f9-3fa85832d4eb" />
      <TestMethod codeBase="D:/udhaya/kannan/latest/D4J (1)/D4J/Dial4Jobz/Dial4Jobz.Tests/bin/Debug/Dial4Jobz.Tests.DLL" adapterTypeName="Microsoft.VisualStudio.TestTools.TestTypes.Unit.UnitTestAdapter, Microsoft.VisualStudio.QualityTools.Tips.UnitTest.Adapter, Version=10.0.0.0, Culture=neutral, PublicKeyToken=b03f5f7f11d50a3a" className="Dial4Jobz.Tests.Controllers.AccountControllerTest, Dial4Jobz.Tests, Version=1.0.0.0, Culture=neutral, PublicKeyToken=null" name="LogOn_Post_ReturnsViewIfModelStateIsInvalid" />
    </UnitTest>
    <UnitTest name="ChangePasswordSuccess_ReturnsView" storage="d:\udhaya\kannan\latest\d4j (1)\d4j\dial4jobz\dial4jobz.tests\bin\debug\dial4jobz.tests.dll" id="118521c1-fb6c-0cd0-f919-71fe1250f425">
      <Execution id="04d2319e-e2da-4ca7-baea-6fa34c6564e7" />
      <TestMethod codeBase="D:/udhaya/kannan/latest/D4J (1)/D4J/Dial4Jobz/Dial4Jobz.Tests/bin/Debug/Dial4Jobz.Tests.DLL" adapterTypeName="Microsoft.VisualStudio.TestTools.TestTypes.Unit.UnitTestAdapter, Microsoft.VisualStudio.QualityTools.Tips.UnitTest.Adapter, Version=10.0.0.0, Culture=neutral, PublicKeyToken=b03f5f7f11d50a3a" className="Dial4Jobz.Tests.Controllers.AccountControllerTest, Dial4Jobz.Tests, Version=1.0.0.0, Culture=neutral, PublicKeyToken=null" name="ChangePasswordSuccess_ReturnsView" />
    </UnitTest>
    <UnitTest name="Index" storage="d:\udhaya\kannan\latest\d4j (1)\d4j\dial4jobz\dial4jobz.tests\bin\debug\dial4jobz.tests.dll" id="0f4d75fd-c35c-50e4-bcbf-274733e29352">
      <Execution id="a405c9e4-8ea3-437b-8f0c-2b013d70b41a" />
      <TestMethod codeBase="D:/udhaya/kannan/latest/D4J (1)/D4J/Dial4Jobz/Dial4Jobz.Tests/bin/Debug/Dial4Jobz.Tests.DLL" adapterTypeName="Microsoft.VisualStudio.TestTools.TestTypes.Unit.UnitTestAdapter, Microsoft.VisualStudio.QualityTools.Tips.UnitTest.Adapter, Version=10.0.0.0, Culture=neutral, PublicKeyToken=b03f5f7f11d50a3a" className="Dial4Jobz.Tests.Controllers.HomeControllerTest, Dial4Jobz.Tests, Version=1.0.0.0, Culture=neutral, PublicKeyToken=null" name="Index" />
    </UnitTest>
    <UnitTest name="About" storage="d:\udhaya\kannan\latest\d4j (1)\d4j\dial4jobz\dial4jobz.tests\bin\debug\dial4jobz.tests.dll" id="97377115-8f77-730e-b40c-f370f3479b61">
      <Execution id="ba62a157-ccc4-43bc-a925-cf31e9cde2a5" />
      <TestMethod codeBase="D:/udhaya/kannan/latest/D4J (1)/D4J/Dial4Jobz/Dial4Jobz.Tests/bin/Debug/Dial4Jobz.Tests.DLL" adapterTypeName="Microsoft.VisualStudio.TestTools.TestTypes.Unit.UnitTestAdapter, Microsoft.VisualStudio.QualityTools.Tips.UnitTest.Adapter, Version=10.0.0.0, Culture=neutral, PublicKeyToken=b03f5f7f11d50a3a" className="Dial4Jobz.Tests.Controllers.HomeControllerTest, Dial4Jobz.Tests, Version=1.0.0.0, Culture=neutral, PublicKeyToken=null" name="About" />
    </UnitTest>
    <UnitTest name="LogOn_Get_ReturnsView" storage="d:\udhaya\kannan\latest\d4j (1)\d4j\dial4jobz\dial4jobz.tests\bin\debug\dial4jobz.tests.dll" id="c4a50e0e-5e0b-a5ac-3bf3-3a8ea76c3904">
      <Execution id="9085970b-edb7-408d-b0d8-0dc275433c13" />
      <TestMethod codeBase="D:/udhaya/kannan/latest/D4J (1)/D4J/Dial4Jobz/Dial4Jobz.Tests/bin/Debug/Dial4Jobz.Tests.DLL" adapterTypeName="Microsoft.VisualStudio.TestTools.TestTypes.Unit.UnitTestAdapter, Microsoft.VisualStudio.QualityTools.Tips.UnitTest.Adapter, Version=10.0.0.0, Culture=neutral, PublicKeyToken=b03f5f7f11d50a3a" className="Dial4Jobz.Tests.Controllers.AccountControllerTest, Dial4Jobz.Tests, Version=1.0.0.0, Culture=neutral, PublicKeyToken=null" name="LogOn_Get_ReturnsView" />
    </UnitTest>
    <UnitTest name="Register_Post_ReturnsViewIfModelStateIsInvalid" storage="d:\udhaya\kannan\latest\d4j (1)\d4j\dial4jobz\dial4jobz.tests\bin\debug\dial4jobz.tests.dll" id="425a2982-2abe-aa89-cb98-83febba728bb">
      <Execution id="53e890fb-e20d-4d95-a7fb-6c150787515f" />
      <TestMethod codeBase="D:/udhaya/kannan/latest/D4J (1)/D4J/Dial4Jobz/Dial4Jobz.Tests/bin/Debug/Dial4Jobz.Tests.DLL" adapterTypeName="Microsoft.VisualStudio.TestTools.TestTypes.Unit.UnitTestAdapter, Microsoft.VisualStudio.QualityTools.Tips.UnitTest.Adapter, Version=10.0.0.0, Culture=neutral, PublicKeyToken=b03f5f7f11d50a3a" className="Dial4Jobz.Tests.Controllers.AccountControllerTest, Dial4Jobz.Tests, Version=1.0.0.0, Culture=neutral, PublicKeyToken=null" name="Register_Post_ReturnsViewIfModelStateIsInvalid" />
    </UnitTest>
    <UnitTest name="LogOn_Post_ReturnsViewIfValidateUserFails" storage="d:\udhaya\kannan\latest\d4j (1)\d4j\dial4jobz\dial4jobz.tests\bin\debug\dial4jobz.tests.dll" id="d0dd70e2-6bbc-0b21-2af5-412af563a0e6">
      <Execution id="65a9ff0e-0aee-46dd-8393-122a8888c4e8" />
      <TestMethod codeBase="D:/udhaya/kannan/latest/D4J (1)/D4J/Dial4Jobz/Dial4Jobz.Tests/bin/Debug/Dial4Jobz.Tests.DLL" adapterTypeName="Microsoft.VisualStudio.TestTools.TestTypes.Unit.UnitTestAdapter, Microsoft.VisualStudio.QualityTools.Tips.UnitTest.Adapter, Version=10.0.0.0, Culture=neutral, PublicKeyToken=b03f5f7f11d50a3a" className="Dial4Jobz.Tests.Controllers.AccountControllerTest, Dial4Jobz.Tests, Version=1.0.0.0, Culture=neutral, PublicKeyToken=null" name="LogOn_Post_ReturnsViewIfValidateUserFails" />
    </UnitTest>
    <UnitTest name="ChangePassword_Post_ReturnsViewIfModelStateIsInvalid" storage="d:\udhaya\kannan\latest\d4j (1)\d4j\dial4jobz\dial4jobz.tests\bin\debug\dial4jobz.tests.dll" id="a6494fca-178f-bab7-7303-58228f4f8840">
      <Execution id="cae7971d-5645-43f9-8077-374293b37c36" />
      <TestMethod codeBase="D:/udhaya/kannan/latest/D4J (1)/D4J/Dial4Jobz/Dial4Jobz.Tests/bin/Debug/Dial4Jobz.Tests.DLL" adapterTypeName="Microsoft.VisualStudio.TestTools.TestTypes.Unit.UnitTestAdapter, Microsoft.VisualStudio.QualityTools.Tips.UnitTest.Adapter, Version=10.0.0.0, Culture=neutral, PublicKeyToken=b03f5f7f11d50a3a" className="Dial4Jobz.Tests.Controllers.AccountControllerTest, Dial4Jobz.Tests, Version=1.0.0.0, Culture=neutral, PublicKeyToken=null" name="ChangePassword_Post_ReturnsViewIfModelStateIsInvalid" />
    </UnitTest>
    <UnitTest name="Register_Post_ReturnsViewIfRegistrationFails" storage="d:\udhaya\kannan\latest\d4j (1)\d4j\dial4jobz\dial4jobz.tests\bin\debug\dial4jobz.tests.dll" id="30ea97f5-c6a8-014a-dbe0-9500a95a0f3d">
      <Execution id="a08bfdf7-ad32-443f-ba11-d0bfa0eb236c" />
      <TestMethod codeBase="D:/udhaya/kannan/latest/D4J (1)/D4J/Dial4Jobz/Dial4Jobz.Tests/bin/Debug/Dial4Jobz.Tests.DLL" adapterTypeName="Microsoft.VisualStudio.TestTools.TestTypes.Unit.UnitTestAdapter, Microsoft.VisualStudio.QualityTools.Tips.UnitTest.Adapter, Version=10.0.0.0, Culture=neutral, PublicKeyToken=b03f5f7f11d50a3a" className="Dial4Jobz.Tests.Controllers.AccountControllerTest, Dial4Jobz.Tests, Version=1.0.0.0, Culture=neutral, PublicKeyToken=null" name="Register_Post_ReturnsViewIfRegistrationFails" />
    </UnitTest>
    <UnitTest name="ChangePassword_Get_ReturnsView" storage="d:\udhaya\kannan\latest\d4j (1)\d4j\dial4jobz\dial4jobz.tests\bin\debug\dial4jobz.tests.dll" id="1c36afd6-1957-5208-42e3-92c3edacad23">
      <Execution id="a1846aa0-1736-40dc-9e53-fa212248fb7c" />
      <TestMethod codeBase="D:/udhaya/kannan/latest/D4J (1)/D4J/Dial4Jobz/Dial4Jobz.Tests/bin/Debug/Dial4Jobz.Tests.DLL" adapterTypeName="Microsoft.VisualStudio.TestTools.TestTypes.Unit.UnitTestAdapter, Microsoft.VisualStudio.QualityTools.Tips.UnitTest.Adapter, Version=10.0.0.0, Culture=neutral, PublicKeyToken=b03f5f7f11d50a3a" className="Dial4Jobz.Tests.Controllers.AccountControllerTest, Dial4Jobz.Tests, Version=1.0.0.0, Culture=neutral, PublicKeyToken=null" name="ChangePassword_Get_ReturnsView" />
    </UnitTest>
    <UnitTest name="ChangePassword_Post_ReturnsViewIfChangePasswordFails" storage="d:\udhaya\kannan\latest\d4j (1)\d4j\dial4jobz\dial4jobz.tests\bin\debug\dial4jobz.tests.dll" id="480e3065-4e9d-c2e5-85e5-151883a23700">
      <Execution id="b9178b92-d55e-49b6-8ef5-c08e5f1f62b6" />
      <TestMethod codeBase="D:/udhaya/kannan/latest/D4J (1)/D4J/Dial4Jobz/Dial4Jobz.Tests/bin/Debug/Dial4Jobz.Tests.DLL" adapterTypeName="Microsoft.VisualStudio.TestTools.TestTypes.Unit.UnitTestAdapter, Microsoft.VisualStudio.QualityTools.Tips.UnitTest.Adapter, Version=10.0.0.0, Culture=neutral, PublicKeyToken=b03f5f7f11d50a3a" className="Dial4Jobz.Tests.Controllers.AccountControllerTest, Dial4Jobz.Tests, Version=1.0.0.0, Culture=neutral, PublicKeyToken=null" name="ChangePassword_Post_ReturnsViewIfChangePasswordFails" />
    </UnitTest>
    <UnitTest name="ChangePassword_Post_ReturnsRedirectOnSuccess" storage="d:\udhaya\kannan\latest\d4j (1)\d4j\dial4jobz\dial4jobz.tests\bin\debug\dial4jobz.tests.dll" id="7b4c101a-0ba7-1901-9a66-a2f27ae7e7d2">
      <Execution id="5113ad32-1620-42e0-8f5d-9e2ffe38af13" />
      <TestMethod codeBase="D:/udhaya/kannan/latest/D4J (1)/D4J/Dial4Jobz/Dial4Jobz.Tests/bin/Debug/Dial4Jobz.Tests.DLL" adapterTypeName="Microsoft.VisualStudio.TestTools.TestTypes.Unit.UnitTestAdapter, Microsoft.VisualStudio.QualityTools.Tips.UnitTest.Adapter, Version=10.0.0.0, Culture=neutral, PublicKeyToken=b03f5f7f11d50a3a" className="Dial4Jobz.Tests.Controllers.AccountControllerTest, Dial4Jobz.Tests, Version=1.0.0.0, Culture=neutral, PublicKeyToken=null" name="ChangePassword_Post_ReturnsRedirectOnSuccess" />
    </UnitTest>
  </TestDefinitions>
  <TestLists>
    <TestList name="Results Not in a List" id="8c84fa94-04c1-424b-9868-57a2d4851a1d" />
    <TestList name="All Loaded Results" id="19431567-8539-422a-85d7-44ee4e166bda" />
  </TestLists>
  <TestEntries>
    <TestEntry testId="0a2e69cc-e55f-517c-3b91-d8f3b5887227" executionId="63ef85f0-2dd1-4302-a6ac-c99355e98982" testListId="8c84fa94-04c1-424b-9868-57a2d4851a1d" />
    <TestEntry testId="0f4d75fd-c35c-50e4-bcbf-274733e29352" executionId="a405c9e4-8ea3-437b-8f0c-2b013d70b41a" testListId="8c84fa94-04c1-424b-9868-57a2d4851a1d" />
    <TestEntry testId="118521c1-fb6c-0cd0-f919-71fe1250f425" executionId="04d2319e-e2da-4ca7-baea-6fa34c6564e7" testListId="8c84fa94-04c1-424b-9868-57a2d4851a1d" />
    <TestEntry testId="1c36afd6-1957-5208-42e3-92c3edacad23" executionId="a1846aa0-1736-40dc-9e53-fa212248fb7c" testListId="8c84fa94-04c1-424b-9868-57a2d4851a1d" />
    <TestEntry testId="30ea97f5-c6a8-014a-dbe0-9500a95a0f3d" executionId="a08bfdf7-ad32-443f-ba11-d0bfa0eb236c" testListId="8c84fa94-04c1-424b-9868-57a2d4851a1d" />
    <TestEntry testId="34939394-7f95-033d-78d3-ee4189fe58a8" executionId="5b8479cb-8f06-4f0d-87cc-8452b83571a0" testListId="8c84fa94-04c1-424b-9868-57a2d4851a1d" />
    <TestEntry testId="425a2982-2abe-aa89-cb98-83febba728bb" executionId="53e890fb-e20d-4d95-a7fb-6c150787515f" testListId="8c84fa94-04c1-424b-9868-57a2d4851a1d" />
    <TestEntry testId="480e3065-4e9d-c2e5-85e5-151883a23700" executionId="b9178b92-d55e-49b6-8ef5-c08e5f1f62b6" testListId="8c84fa94-04c1-424b-9868-57a2d4851a1d" />
    <TestEntry testId="6cd5f15c-af3a-a13c-5eda-62a3835ebe18" executionId="a4a0d696-93c1-4e94-a017-1814991a41d7" testListId="8c84fa94-04c1-424b-9868-57a2d4851a1d" />
    <TestEntry testId="7b4c101a-0ba7-1901-9a66-a2f27ae7e7d2" executionId="5113ad32-1620-42e0-8f5d-9e2ffe38af13" testListId="8c84fa94-04c1-424b-9868-57a2d4851a1d" />
    <TestEntry testId="97377115-8f77-730e-b40c-f370f3479b61" executionId="ba62a157-ccc4-43bc-a925-cf31e9cde2a5" testListId="8c84fa94-04c1-424b-9868-57a2d4851a1d" />
    <TestEntry testId="a1e3cebc-a18c-1bbe-e878-e5aac6e12e67" executionId="0b1b5733-f18e-4357-b5f9-3fa85832d4eb" testListId="8c84fa94-04c1-424b-9868-57a2d4851a1d" />
    <TestEntry testId="a6494fca-178f-bab7-7303-58228f4f8840" executionId="cae7971d-5645-43f9-8077-374293b37c36" testListId="8c84fa94-04c1-424b-9868-57a2d4851a1d" />
    <TestEntry testId="b47b0f2b-2e0c-1785-8628-2e60de42438e" executionId="95871fef-c1c9-4bac-830e-08ce9ea2203f" testListId="8c84fa94-04c1-424b-9868-57a2d4851a1d" />
    <TestEntry testId="c4a50e0e-5e0b-a5ac-3bf3-3a8ea76c3904" executionId="9085970b-edb7-408d-b0d8-0dc275433c13" testListId="8c84fa94-04c1-424b-9868-57a2d4851a1d" />
    <TestEntry testId="d0dd70e2-6bbc-0b21-2af5-412af563a0e6" executionId="65a9ff0e-0aee-46dd-8393-122a8888c4e8" testListId="8c84fa94-04c1-424b-9868-57a2d4851a1d" />
    <TestEntry testId="dbfc1878-09ba-49b0-1b06-5ed7cf8bc1b0" executionId="e9d42e29-525c-4c98-aa32-7cc1dc6ee32d" testListId="8c84fa94-04c1-424b-9868-57a2d4851a1d" />
  </TestEntries>
  <Results>
    <UnitTestResult executionId="63ef85f0-2dd1-4302-a6ac-c99355e98982" testId="0a2e69cc-e55f-517c-3b91-d8f3b5887227" testName="LogOn_Post_ReturnsRedirectOnSuccess_WithoutReturnUrl" computerName="DIAL4JOBZ-PC" duration="00:00:00.5368937" startTime="2014-07-11T16:36:25.6765273+05:30" endTime="2014-07-11T16:36:27.8096493+05:30" testType="13cdc9d9-ddb5-4fa4-a97d-d965ccfc6d4b" outcome="Failed" testListId="8c84fa94-04c1-424b-9868-57a2d4851a1d" relativeResultsDirectory="63ef85f0-2dd1-4302-a6ac-c99355e98982">
      <Output>
        <ErrorInfo>
          <Message>Test method Dial4Jobz.Tests.Controllers.AccountControllerTest.LogOn_Post_ReturnsRedirectOnSuccess_WithoutReturnUrl threw exception: 
System.ArgumentException: The specified named connection is either not found in the configuration, not intended to be used with the EntityClient provider, or not valid.</Message>
          <StackTrace>    at System.Data.EntityClient.EntityConnection.ChangeConnectionString(String newConnectionString)
   at System.Data.EntityClient.EntityConnection..ctor(String connectionString)
   at System.Data.Objects.ObjectContext.CreateEntityConnection(String connectionString)
   at System.Data.Objects.ObjectContext..ctor(String connectionString, String defaultContainerName)
   at Dial4Jobz.Models.Dial4JobzEntities..ctor() in D:\udhaya\kannan\latest\D4J (1)\D4J\Dial4Jobz\Dial4Jobz\Models\Dial4Jobz.Designer.cs:line 97
   at Dial4Jobz.Models.Repositories.Repository..ctor() in D:\udhaya\kannan\latest\D4J (1)\D4J\Dial4Jobz\Dial4Jobz\Models\Repositories\Repository.cs:line 14
   at Dial4Jobz.Controllers.AccountController..ctor() in D:\udhaya\kannan\latest\D4J (1)\D4J\Dial4Jobz\Dial4Jobz\Controllers\AccountController.cs:line 22
   at Dial4Jobz.Tests.Controllers.AccountControllerTest.GetAccountController() in D:\udhaya\kannan\latest\D4J (1)\D4J\Dial4Jobz\Dial4Jobz.Tests\Controllers\AccountControllerTest.cs:line 322
   at Dial4Jobz.Tests.Controllers.AccountControllerTest.LogOn_Post_ReturnsRedirectOnSuccess_WithoutReturnUrl() in D:\udhaya\kannan\latest\D4J (1)\D4J\Dial4Jobz\Dial4Jobz.Tests\Controllers\AccountControllerTest.cs:line 147
</StackTrace>
        </ErrorInfo>
      </Output>
    </UnitTestResult>
    <UnitTestResult executionId="a405c9e4-8ea3-437b-8f0c-2b013d70b41a" testId="0f4d75fd-c35c-50e4-bcbf-274733e29352" testName="Index" computerName="DIAL4JOBZ-PC" duration="00:00:00.0039413" startTime="2014-07-11T16:36:27.8276503+05:30" endTime="2014-07-11T16:36:27.8386510+05:30" testType="13cdc9d9-ddb5-4fa4-a97d-d965ccfc6d4b" outcome="Failed" testListId="8c84fa94-04c1-424b-9868-57a2d4851a1d" relativeResultsDirectory="a405c9e4-8ea3-437b-8f0c-2b013d70b41a">
      <Output>
        <ErrorInfo>
          <Message>Test method Dial4Jobz.Tests.Controllers.HomeControllerTest.Index threw exception: 
System.ArgumentException: The specified named connection is either not found in the configuration, not intended to be used with the EntityClient provider, or not valid.</Message>
          <StackTrace>    at System.Data.EntityClient.EntityConnection.ChangeConnectionString(String newConnectionString)
   at System.Data.EntityClient.EntityConnection..ctor(String connectionString)
   at System.Data.Objects.ObjectContext.CreateEntityConnection(String connectionString)
   at System.Data.Objects.ObjectContext..ctor(String connectionString, String defaultContainerName)
   at Dial4Jobz.Models.Dial4JobzEntities..ctor() in D:\udhaya\kannan\latest\D4J (1)\D4J\Dial4Jobz\Dial4Jobz\Models\Dial4Jobz.Designer.cs:line 97
   at Dial4Jobz.Models.Repositories.Repository..ctor() in D:\udhaya\kannan\latest\D4J (1)\D4J\Dial4Jobz\Dial4Jobz\Models\Repositories\Repository.cs:line 14
   at Dial4Jobz.Controllers.HomeController..ctor() in D:\udhaya\kannan\latest\D4J (1)\D4J\Dial4Jobz\Dial4Jobz\Controllers\HomeController.cs:line 20
   at Dial4Jobz.Tests.Controllers.HomeControllerTest.Index() in D:\udhaya\kannan\latest\D4J (1)\D4J\Dial4Jobz\Dial4Jobz.Tests\Controllers\HomeControllerTest.cs:line 19
</StackTrace>
        </ErrorInfo>
      </Output>
    </UnitTestResult>
    <UnitTestResult executionId="04d2319e-e2da-4ca7-baea-6fa34c6564e7" testId="118521c1-fb6c-0cd0-f919-71fe1250f425" testName="ChangePasswordSuccess_ReturnsView" computerName="DIAL4JOBZ-PC" duration="00:00:00.0026418" startTime="2014-07-11T16:36:27.8456514+05:30" endTime="2014-07-11T16:36:27.8526518+05:30" testType="13cdc9d9-ddb5-4fa4-a97d-d965ccfc6d4b" outcome="Failed" testListId="8c84fa94-04c1-424b-9868-57a2d4851a1d" relativeResultsDirectory="04d2319e-e2da-4ca7-baea-6fa34c6564e7">
      <Output>
        <ErrorInfo>
          <Message>Test method Dial4Jobz.Tests.Controllers.AccountControllerTest.ChangePasswordSuccess_ReturnsView threw exception: 
System.ArgumentException: The specified named connection is either not found in the configuration, not intended to be used with the EntityClient provider, or not valid.</Message>
          <StackTrace>    at System.Data.EntityClient.EntityConnection.ChangeConnectionString(String newConnectionString)
   at System.Data.EntityClient.EntityConnection..ctor(String connectionString)
   at System.Data.Objects.ObjectContext.CreateEntityConnection(String connectionString)
   at System.Data.Objects.ObjectContext..ctor(String connectionString, String defaultContainerName)
   at Dial4Jobz.Models.Dial4JobzEntities..ctor() in D:\udhaya\kannan\latest\D4J (1)\D4J\Dial4Jobz\Dial4Jobz\Models\Dial4Jobz.Designer.cs:line 97
   at Dial4Jobz.Models.Repositories.Repository..ctor() in D:\udhaya\kannan\latest\D4J (1)\D4J\Dial4Jobz\Dial4Jobz\Models\Repositories\Repository.cs:line 14
   at Dial4Jobz.Controllers.AccountController..ctor() in D:\udhaya\kannan\latest\D4J (1)\D4J\Dial4Jobz\Dial4Jobz\Controllers\AccountController.cs:line 22
   at Dial4Jobz.Tests.Controllers.AccountControllerTest.GetAccountController() in D:\udhaya\kannan\latest\D4J (1)\D4J\Dial4Jobz\Dial4Jobz.Tests\Controllers\AccountControllerTest.cs:line 322
   at Dial4Jobz.Tests.Controllers.AccountControllerTest.ChangePasswordSuccess_ReturnsView() in D:\udhaya\kannan\latest\D4J (1)\D4J\Dial4Jobz\Dial4Jobz.Tests\Controllers\AccountControllerTest.cs:line 104
</StackTrace>
        </ErrorInfo>
      </Output>
    </UnitTestResult>
    <UnitTestResult executionId="a1846aa0-1736-40dc-9e53-fa212248fb7c" testId="1c36afd6-1957-5208-42e3-92c3edacad23" testName="ChangePassword_Get_ReturnsView" computerName="DIAL4JOBZ-PC" duration="00:00:00.0026991" startTime="2014-07-11T16:36:27.8556519+05:30" endTime="2014-07-11T16:36:27.8656525+05:30" testType="13cdc9d9-ddb5-4fa4-a97d-d965ccfc6d4b" outcome="Failed" testListId="8c84fa94-04c1-424b-9868-57a2d4851a1d" relativeResultsDirectory="a1846aa0-1736-40dc-9e53-fa212248fb7c">
      <Output>
        <ErrorInfo>
          <Message>Test method Dial4Jobz.Tests.Controllers.AccountControllerTest.ChangePassword_Get_ReturnsView threw exception: 
System.ArgumentException: The specified named connection is either not found in the configuration, not intended to be used with the EntityClient provider, or not valid.</Message>
          <StackTrace>    at System.Data.EntityClient.EntityConnection.ChangeConnectionString(String newConnectionString)
   at System.Data.EntityClient.EntityConnection..ctor(String connectionString)
   at System.Data.Objects.ObjectContext.CreateEntityConnection(String connectionString)
   at System.Data.Objects.ObjectContext..ctor(String connectionString, String defaultContainerName)
   at Dial4Jobz.Models.Dial4JobzEntities..ctor() in D:\udhaya\kannan\latest\D4J (1)\D4J\Dial4Jobz\Dial4Jobz\Models\Dial4Jobz.Designer.cs:line 97
   at Dial4Jobz.Models.Repositories.Repository..ctor() in D:\udhaya\kannan\latest\D4J (1)\D4J\Dial4Jobz\Dial4Jobz\Models\Repositories\Repository.cs:line 14
   at Dial4Jobz.Controllers.AccountController..ctor() in D:\udhaya\kannan\latest\D4J (1)\D4J\Dial4Jobz\Dial4Jobz\Controllers\AccountController.cs:line 22
   at Dial4Jobz.Tests.Controllers.AccountControllerTest.GetAccountController() in D:\udhaya\kannan\latest\D4J (1)\D4J\Dial4Jobz\Dial4Jobz.Tests\Controllers\AccountControllerTest.cs:line 322
   at Dial4Jobz.Tests.Controllers.AccountControllerTest.ChangePassword_Get_ReturnsView() in D:\udhaya\kannan\latest\D4J (1)\D4J\Dial4Jobz\Dial4Jobz.Tests\Controllers\AccountControllerTest.cs:line 23
</StackTrace>
        </ErrorInfo>
      </Output>
    </UnitTestResult>
    <UnitTestResult executionId="a08bfdf7-ad32-443f-ba11-d0bfa0eb236c" testId="30ea97f5-c6a8-014a-dbe0-9500a95a0f3d" testName="Register_Post_ReturnsViewIfRegistrationFails" computerName="DIAL4JOBZ-PC" duration="00:00:00.0028998" startTime="2014-07-11T16:36:27.8676526+05:30" endTime="2014-07-11T16:36:27.8746530+05:30" testType="13cdc9d9-ddb5-4fa4-a97d-d965ccfc6d4b" outcome="Failed" testListId="8c84fa94-04c1-424b-9868-57a2d4851a1d" relativeResultsDirectory="a08bfdf7-ad32-443f-ba11-d0bfa0eb236c">
      <Output>
        <ErrorInfo>
          <Message>Test method Dial4Jobz.Tests.Controllers.AccountControllerTest.Register_Post_ReturnsViewIfRegistrationFails threw exception: 
System.ArgumentException: The specified named connection is either not found in the configuration, not intended to be used with the EntityClient provider, or not valid.</Message>
          <StackTrace>    at System.Data.EntityClient.EntityConnection.ChangeConnectionString(String newConnectionString)
   at System.Data.EntityClient.EntityConnection..ctor(String connectionString)
   at System.Data.Objects.ObjectContext.CreateEntityConnection(String connectionString)
   at System.Data.Objects.ObjectContext..ctor(String connectionString, String defaultContainerName)
   at Dial4Jobz.Models.Dial4JobzEntities..ctor() in D:\udhaya\kannan\latest\D4J (1)\D4J\Dial4Jobz\Dial4Jobz\Models\Dial4Jobz.Designer.cs:line 97
   at Dial4Jobz.Models.Repositories.Repository..ctor() in D:\udhaya\kannan\latest\D4J (1)\D4J\Dial4Jobz\Dial4Jobz\Models\Repositories\Repository.cs:line 14
   at Dial4Jobz.Controllers.AccountController..ctor() in D:\udhaya\kannan\latest\D4J (1)\D4J\Dial4Jobz\Dial4Jobz\Controllers\AccountController.cs:line 22
   at Dial4Jobz.Tests.Controllers.AccountControllerTest.GetAccountController() in D:\udhaya\kannan\latest\D4J (1)\D4J\Dial4Jobz\Dial4Jobz.Tests\Controllers\AccountControllerTest.cs:line 322
   at Dial4Jobz.Tests.Controllers.AccountControllerTest.Register_Post_ReturnsViewIfRegistrationFails() in D:\udhaya\kannan\latest\D4J (1)\D4J\Dial4Jobz\Dial4Jobz.Tests\Controllers\AccountControllerTest.cs:line 274
</StackTrace>
        </ErrorInfo>
      </Output>
    </UnitTestResult>
    <UnitTestResult executionId="5b8479cb-8f06-4f0d-87cc-8452b83571a0" testId="34939394-7f95-033d-78d3-ee4189fe58a8" testName="LogOff_LogsOutAndRedirects" computerName="DIAL4JOBZ-PC" duration="00:00:00.0019128" startTime="2014-07-11T16:36:27.8766531+05:30" endTime="2014-07-11T16:36:27.8836535+05:30" testType="13cdc9d9-ddb5-4fa4-a97d-d965ccfc6d4b" outcome="Failed" testListId="8c84fa94-04c1-424b-9868-57a2d4851a1d" relativeResultsDirectory="5b8479cb-8f06-4f0d-87cc-8452b83571a0">
      <Output>
        <ErrorInfo>
          <Message>Test method Dial4Jobz.Tests.Controllers.AccountControllerTest.LogOff_LogsOutAndRedirects threw exception: 
System.ArgumentException: The specified named connection is either not found in the configuration, not intended to be used with the EntityClient provider, or not valid.</Message>
          <StackTrace>    at System.Data.EntityClient.EntityConnection.ChangeConnectionString(String newConnectionString)
   at System.Data.EntityClient.EntityConnection..ctor(String connectionString)
   at System.Data.Objects.ObjectContext.CreateEntityConnection(String connectionString)
   at System.Data.Objects.ObjectContext..ctor(String connectionString, String defaultContainerName)
   at Dial4Jobz.Models.Dial4JobzEntities..ctor() in D:\udhaya\kannan\latest\D4J (1)\D4J\Dial4Jobz\Dial4Jobz\Models\Dial4Jobz.Designer.cs:line 97
   at Dial4Jobz.Models.Repositories.Repository..ctor() in D:\udhaya\kannan\latest\D4J (1)\D4J\Dial4Jobz\Dial4Jobz\Models\Repositories\Repository.cs:line 14
   at Dial4Jobz.Controllers.AccountController..ctor() in D:\udhaya\kannan\latest\D4J (1)\D4J\Dial4Jobz\Dial4Jobz\Controllers\AccountController.cs:line 22
   at Dial4Jobz.Tests.Controllers.AccountControllerTest.GetAccountController() in D:\udhaya\kannan\latest\D4J (1)\D4J\Dial4Jobz\Dial4Jobz.Tests\Controllers\AccountControllerTest.cs:line 322
   at Dial4Jobz.Tests.Controllers.AccountControllerTest.LogOff_LogsOutAndRedirects() in D:\udhaya\kannan\latest\D4J (1)\D4J\Dial4Jobz\Dial4Jobz.Tests\Controllers\AccountControllerTest.cs:line 117
</StackTrace>
        </ErrorInfo>
      </Output>
    </UnitTestResult>
    <UnitTestResult executionId="53e890fb-e20d-4d95-a7fb-6c150787515f" testId="425a2982-2abe-aa89-cb98-83febba728bb" testName="Register_Post_ReturnsViewIfModelStateIsInvalid" computerName="DIAL4JOBZ-PC" duration="00:00:00.0018852" startTime="2014-07-11T16:36:27.8846536+05:30" endTime="2014-07-11T16:36:27.8896539+05:30" testType="13cdc9d9-ddb5-4fa4-a97d-d965ccfc6d4b" outcome="Failed" testListId="8c84fa94-04c1-424b-9868-57a2d4851a1d" relativeResultsDirectory="53e890fb-e20d-4d95-a7fb-6c150787515f">
      <Output>
        <ErrorInfo>
          <Message>Test method Dial4Jobz.Tests.Controllers.AccountControllerTest.Register_Post_ReturnsViewIfModelStateIsInvalid threw exception: 
System.ArgumentException: The specified named connection is either not found in the configuration, not intended to be used with the EntityClient provider, or not valid.</Message>
          <StackTrace>    at System.Data.EntityClient.EntityConnection.ChangeConnectionString(String newConnectionString)
   at System.Data.EntityClient.EntityConnection..ctor(String connectionString)
   at System.Data.Objects.ObjectContext.CreateEntityConnection(String connectionString)
   at System.Data.Objects.ObjectContext..ctor(String connectionString, String defaultContainerName)
   at Dial4Jobz.Models.Dial4JobzEntities..ctor() in D:\udhaya\kannan\latest\D4J (1)\D4J\Dial4Jobz\Dial4Jobz\Models\Dial4Jobz.Designer.cs:line 97
   at Dial4Jobz.Models.Repositories.Repository..ctor() in D:\udhaya\kannan\latest\D4J (1)\D4J\Dial4Jobz\Dial4Jobz\Models\Repositories\Repository.cs:line 14
   at Dial4Jobz.Controllers.AccountController..ctor() in D:\udhaya\kannan\latest\D4J (1)\D4J\Dial4Jobz\Dial4Jobz\Controllers\AccountController.cs:line 22
   at Dial4Jobz.Tests.Controllers.AccountControllerTest.GetAccountController() in D:\udhaya\kannan\latest\D4J (1)\D4J\Dial4Jobz\Dial4Jobz.Tests\Controllers\AccountControllerTest.cs:line 322
   at Dial4Jobz.Tests.Controllers.AccountControllerTest.Register_Post_ReturnsViewIfModelStateIsInvalid() in D:\udhaya\kannan\latest\D4J (1)\D4J\Dial4Jobz\Dial4Jobz.Tests\Controllers\AccountControllerTest.cs:line 299
</StackTrace>
        </ErrorInfo>
      </Output>
    </UnitTestResult>
    <UnitTestResult executionId="b9178b92-d55e-49b6-8ef5-c08e5f1f62b6" testId="480e3065-4e9d-c2e5-85e5-151883a23700" testName="ChangePassword_Post_ReturnsViewIfChangePasswordFails" computerName="DIAL4JOBZ-PC" duration="00:00:00.0028453" startTime="2014-07-11T16:36:27.8916540+05:30" endTime="2014-07-11T16:36:27.8986544+05:30" testType="13cdc9d9-ddb5-4fa4-a97d-d965ccfc6d4b" outcome="Failed" testListId="8c84fa94-04c1-424b-9868-57a2d4851a1d" relativeResultsDirectory="b9178b92-d55e-49b6-8ef5-c08e5f1f62b6">
      <Output>
        <ErrorInfo>
          <Message>Test method Dial4Jobz.Tests.Controllers.AccountControllerTest.ChangePassword_Post_ReturnsViewIfChangePasswordFails threw exception: 
System.ArgumentException: The specified named connection is either not found in the configuration, not intended to be used with the EntityClient provider, or not valid.</Message>
          <StackTrace>    at System.Data.EntityClient.EntityConnection.ChangeConnectionString(String newConnectionString)
   at System.Data.EntityClient.EntityConnection..ctor(String connectionString)
   at System.Data.Objects.ObjectContext.CreateEntityConnection(String connectionString)
   at System.Data.Objects.ObjectContext..ctor(String connectionString, String defaultContainerName)
   at Dial4Jobz.Models.Dial4JobzEntities..ctor() in D:\udhaya\kannan\latest\D4J (1)\D4J\Dial4Jobz\Dial4Jobz\Models\Dial4Jobz.Designer.cs:line 97
   at Dial4Jobz.Models.Repositories.Repository..ctor() in D:\udhaya\kannan\latest\D4J (1)\D4J\Dial4Jobz\Dial4Jobz\Models\Repositories\Repository.cs:line 14
   at Dial4Jobz.Controllers.AccountController..ctor() in D:\udhaya\kannan\latest\D4J (1)\D4J\Dial4Jobz\Dial4Jobz\Controllers\AccountController.cs:line 22
   at Dial4Jobz.Tests.Controllers.AccountControllerTest.GetAccountController() in D:\udhaya\kannan\latest\D4J (1)\D4J\Dial4Jobz\Dial4Jobz.Tests\Controllers\AccountControllerTest.cs:line 322
   at Dial4Jobz.Tests.Controllers.AccountControllerTest.ChangePassword_Post_ReturnsViewIfChangePasswordFails() in D:\udhaya\kannan\latest\D4J (1)\D4J\Dial4Jobz\Dial4Jobz.Tests\Controllers\AccountControllerTest.cs:line 58
</StackTrace>
        </ErrorInfo>
      </Output>
    </UnitTestResult>
    <UnitTestResult executionId="a4a0d696-93c1-4e94-a017-1814991a41d7" testId="6cd5f15c-af3a-a13c-5eda-62a3835ebe18" testName="LogOn_Post_ReturnsRedirectOnSuccess_WithReturnUrl" computerName="DIAL4JOBZ-PC" duration="00:00:00.0025565" startTime="2014-07-11T16:36:27.8996545+05:30" endTime="2014-07-11T16:36:27.9066549+05:30" testType="13cdc9d9-ddb5-4fa4-a97d-d965ccfc6d4b" outcome="Failed" testListId="8c84fa94-04c1-424b-9868-57a2d4851a1d" relativeResultsDirectory="a4a0d696-93c1-4e94-a017-1814991a41d7">
      <Output>
        <ErrorInfo>
          <Message>Test method Dial4Jobz.Tests.Controllers.AccountControllerTest.LogOn_Post_ReturnsRedirectOnSuccess_WithReturnUrl threw exception: 
System.ArgumentException: The specified named connection is either not found in the configuration, not intended to be used with the EntityClient provider, or not valid.</Message>
          <StackTrace>    at System.Data.EntityClient.EntityConnection.ChangeConnectionString(String newConnectionString)
   at System.Data.EntityClient.EntityConnection..ctor(String connectionString)
   at System.Data.Objects.ObjectContext.CreateEntityConnection(String connectionString)
   at System.Data.Objects.ObjectContext..ctor(String connectionString, String defaultContainerName)
   at Dial4Jobz.Models.Dial4JobzEntities..ctor() in D:\udhaya\kannan\latest\D4J (1)\D4J\Dial4Jobz\Dial4Jobz\Models\Dial4Jobz.Designer.cs:line 97
   at Dial4Jobz.Models.Repositories.Repository..ctor() in D:\udhaya\kannan\latest\D4J (1)\D4J\Dial4Jobz\Dial4Jobz\Models\Repositories\Repository.cs:line 14
   at Dial4Jobz.Controllers.AccountController..ctor() in D:\udhaya\kannan\latest\D4J (1)\D4J\Dial4Jobz\Dial4Jobz\Controllers\AccountController.cs:line 22
   at Dial4Jobz.Tests.Controllers.AccountControllerTest.GetAccountController() in D:\udhaya\kannan\latest\D4J (1)\D4J\Dial4Jobz\Dial4Jobz.Tests\Controllers\AccountControllerTest.cs:line 322
   at Dial4Jobz.Tests.Controllers.AccountControllerTest.LogOn_Post_ReturnsRedirectOnSuccess_WithReturnUrl() in D:\udhaya\kannan\latest\D4J (1)\D4J\Dial4Jobz\Dial4Jobz.Tests\Controllers\AccountControllerTest.cs:line 170
</StackTrace>
        </ErrorInfo>
      </Output>
    </UnitTestResult>
    <UnitTestResult executionId="5113ad32-1620-42e0-8f5d-9e2ffe38af13" testId="7b4c101a-0ba7-1901-9a66-a2f27ae7e7d2" testName="ChangePassword_Post_ReturnsRedirectOnSuccess" computerName="DIAL4JOBZ-PC" duration="00:00:00.0029412" startTime="2014-07-11T16:36:27.9086550+05:30" endTime="2014-07-11T16:36:27.9136553+05:30" testType="13cdc9d9-ddb5-4fa4-a97d-d965ccfc6d4b" outcome="Failed" testListId="8c84fa94-04c1-424b-9868-57a2d4851a1d" relativeResultsDirectory="5113ad32-1620-42e0-8f5d-9e2ffe38af13">
      <Output>
        <ErrorInfo>
          <Message>Test method Dial4Jobz.Tests.Controllers.AccountControllerTest.ChangePassword_Post_ReturnsRedirectOnSuccess threw exception: 
System.ArgumentException: The specified named connection is either not found in the configuration, not intended to be used with the EntityClient provider, or not valid.</Message>
          <StackTrace>    at System.Data.EntityClient.EntityConnection.ChangeConnectionString(String newConnectionString)
   at System.Data.EntityClient.EntityConnection..ctor(String connectionString)
   at System.Data.Objects.ObjectContext.CreateEntityConnection(String connectionString)
   at System.Data.Objects.ObjectContext..ctor(String connectionString, String defaultContainerName)
   at Dial4Jobz.Models.Dial4JobzEntities..ctor() in D:\udhaya\kannan\latest\D4J (1)\D4J\Dial4Jobz\Dial4Jobz\Models\Dial4Jobz.Designer.cs:line 97
   at Dial4Jobz.Models.Repositories.Repository..ctor() in D:\udhaya\kannan\latest\D4J (1)\D4J\Dial4Jobz\Dial4Jobz\Models\Repositories\Repository.cs:line 14
   at Dial4Jobz.Controllers.AccountController..ctor() in D:\udhaya\kannan\latest\D4J (1)\D4J\Dial4Jobz\Dial4Jobz\Controllers\AccountController.cs:line 22
   at Dial4Jobz.Tests.Controllers.AccountControllerTest.GetAccountController() in D:\udhaya\kannan\latest\D4J (1)\D4J\Dial4Jobz\Dial4Jobz.Tests\Controllers\AccountControllerTest.cs:line 322
   at Dial4Jobz.Tests.Controllers.AccountControllerTest.ChangePassword_Post_ReturnsRedirectOnSuccess() in D:\udhaya\kannan\latest\D4J (1)\D4J\Dial4Jobz\Dial4Jobz.Tests\Controllers\AccountControllerTest.cs:line 37
</StackTrace>
        </ErrorInfo>
      </Output>
    </UnitTestResult>
    <UnitTestResult executionId="ba62a157-ccc4-43bc-a925-cf31e9cde2a5" testId="97377115-8f77-730e-b40c-f370f3479b61" testName="About" computerName="DIAL4JOBZ-PC" duration="00:00:00.0016523" startTime="2014-07-11T16:36:27.9156554+05:30" endTime="2014-07-11T16:36:27.9206557+05:30" testType="13cdc9d9-ddb5-4fa4-a97d-d965ccfc6d4b" outcome="Failed" testListId="8c84fa94-04c1-424b-9868-57a2d4851a1d" relativeResultsDirectory="ba62a157-ccc4-43bc-a925-cf31e9cde2a5">
      <Output>
        <ErrorInfo>
          <Message>Test method Dial4Jobz.Tests.Controllers.HomeControllerTest.About threw exception: 
System.ArgumentException: The specified named connection is either not found in the configuration, not intended to be used with the EntityClient provider, or not valid.</Message>
          <StackTrace>    at System.Data.EntityClient.EntityConnection.ChangeConnectionString(String newConnectionString)
   at System.Data.EntityClient.EntityConnection..ctor(String connectionString)
   at System.Data.Objects.ObjectContext.CreateEntityConnection(String connectionString)
   at System.Data.Objects.ObjectContext..ctor(String connectionString, String defaultContainerName)
   at Dial4Jobz.Models.Dial4JobzEntities..ctor() in D:\udhaya\kannan\latest\D4J (1)\D4J\Dial4Jobz\Dial4Jobz\Models\Dial4Jobz.Designer.cs:line 97
   at Dial4Jobz.Models.Repositories.Repository..ctor() in D:\udhaya\kannan\latest\D4J (1)\D4J\Dial4Jobz\Dial4Jobz\Models\Repositories\Repository.cs:line 14
   at Dial4Jobz.Controllers.HomeController..ctor() in D:\udhaya\kannan\latest\D4J (1)\D4J\Dial4Jobz\Dial4Jobz\Controllers\HomeController.cs:line 20
   at Dial4Jobz.Tests.Controllers.HomeControllerTest.About() in D:\udhaya\kannan\latest\D4J (1)\D4J\Dial4Jobz\Dial4Jobz.Tests\Controllers\HomeControllerTest.cs:line 33
</StackTrace>
        </ErrorInfo>
      </Output>
    </UnitTestResult>
    <UnitTestResult executionId="0b1b5733-f18e-4357-b5f9-3fa85832d4eb" testId="a1e3cebc-a18c-1bbe-e878-e5aac6e12e67" testName="LogOn_Post_ReturnsViewIfModelStateIsInvalid" computerName="DIAL4JOBZ-PC" duration="00:00:00.0018746" startTime="2014-07-11T16:36:27.9226558+05:30" endTime="2014-07-11T16:36:27.9276561+05:30" testType="13cdc9d9-ddb5-4fa4-a97d-d965ccfc6d4b" outcome="Failed" testListId="8c84fa94-04c1-424b-9868-57a2d4851a1d" relativeResultsDirectory="0b1b5733-f18e-4357-b5f9-3fa85832d4eb">
      <Output>
        <ErrorInfo>
          <Message>Test method Dial4Jobz.Tests.Controllers.AccountControllerTest.LogOn_Post_ReturnsViewIfModelStateIsInvalid threw exception: 
System.ArgumentException: The specified named connection is either not found in the configuration, not intended to be used with the EntityClient provider, or not valid.</Message>
          <StackTrace>    at System.Data.EntityClient.EntityConnection.ChangeConnectionString(String newConnectionString)
   at System.Data.EntityClient.EntityConnection..ctor(String connectionString)
   at System.Data.Objects.ObjectContext.CreateEntityConnection(String connectionString)
   at System.Data.Objects.ObjectContext..ctor(String connectionString, String defaultContainerName)
   at Dial4Jobz.Models.Dial4JobzEntities..ctor() in D:\udhaya\kannan\latest\D4J (1)\D4J\Dial4Jobz\Dial4Jobz\Models\Dial4Jobz.Designer.cs:line 97
   at Dial4Jobz.Models.Repositories.Repository..ctor() in D:\udhaya\kannan\latest\D4J (1)\D4J\Dial4Jobz\Dial4Jobz\Models\Repositories\Repository.cs:line 14
   at Dial4Jobz.Controllers.AccountController..ctor() in D:\udhaya\kannan\latest\D4J (1)\D4J\Dial4Jobz\Dial4Jobz\Controllers\AccountController.cs:line 22
   at Dial4Jobz.Tests.Controllers.AccountControllerTest.GetAccountController() in D:\udhaya\kannan\latest\D4J (1)\D4J\Dial4Jobz\Dial4Jobz.Tests\Controllers\AccountControllerTest.cs:line 322
   at Dial4Jobz.Tests.Controllers.AccountControllerTest.LogOn_Post_ReturnsViewIfModelStateIsInvalid() in D:\udhaya\kannan\latest\D4J (1)\D4J\Dial4Jobz\Dial4Jobz.Tests\Controllers\AccountControllerTest.cs:line 192
</StackTrace>
        </ErrorInfo>
      </Output>
    </UnitTestResult>
    <UnitTestResult executionId="cae7971d-5645-43f9-8077-374293b37c36" testId="a6494fca-178f-bab7-7303-58228f4f8840" testName="ChangePassword_Post_ReturnsViewIfModelStateIsInvalid" computerName="DIAL4JOBZ-PC" duration="00:00:00.0019422" startTime="2014-07-11T16:36:27.9306562+05:30" endTime="2014-07-11T16:36:27.9346565+05:30" testType="13cdc9d9-ddb5-4fa4-a97d-d965ccfc6d4b" outcome="Failed" testListId="8c84fa94-04c1-424b-9868-57a2d4851a1d" relativeResultsDirectory="cae7971d-5645-43f9-8077-374293b37c36">
      <Output>
        <ErrorInfo>
          <Message>Test method Dial4Jobz.Tests.Controllers.AccountControllerTest.ChangePassword_Post_ReturnsViewIfModelStateIsInvalid threw exception: 
System.ArgumentException: The specified named connection is either not found in the configuration, not intended to be used with the EntityClient provider, or not valid.</Message>
          <StackTrace>    at System.Data.EntityClient.EntityConnection.ChangeConnectionString(String newConnectionString)
   at System.Data.EntityClient.EntityConnection..ctor(String connectionString)
   at System.Data.Objects.ObjectContext.CreateEntityConnection(String connectionString)
   at System.Data.Objects.ObjectContext..ctor(String connectionString, String defaultContainerName)
   at Dial4Jobz.Models.Dial4JobzEntities..ctor() in D:\udhaya\kannan\latest\D4J (1)\D4J\Dial4Jobz\Dial4Jobz\Models\Dial4Jobz.Designer.cs:line 97
   at Dial4Jobz.Models.Repositories.Repository..ctor() in D:\udhaya\kannan\latest\D4J (1)\D4J\Dial4Jobz\Dial4Jobz\Models\Repositories\Repository.cs:line 14
   at Dial4Jobz.Controllers.AccountController..ctor() in D:\udhaya\kannan\latest\D4J (1)\D4J\Dial4Jobz\Dial4Jobz\Controllers\AccountController.cs:line 22
   at Dial4Jobz.Tests.Controllers.AccountControllerTest.GetAccountController() in D:\udhaya\kannan\latest\D4J (1)\D4J\Dial4Jobz\Dial4Jobz.Tests\Controllers\AccountControllerTest.cs:line 322
   at Dial4Jobz.Tests.Controllers.AccountControllerTest.ChangePassword_Post_ReturnsViewIfModelStateIsInvalid() in D:\udhaya\kannan\latest\D4J (1)\D4J\Dial4Jobz\Dial4Jobz.Tests\Controllers\AccountControllerTest.cs:line 81
</StackTrace>
        </ErrorInfo>
      </Output>
    </UnitTestResult>
    <UnitTestResult executionId="95871fef-c1c9-4bac-830e-08ce9ea2203f" testId="b47b0f2b-2e0c-1785-8628-2e60de42438e" testName="Register_Get_ReturnsView" computerName="DIAL4JOBZ-PC" duration="00:00:00.0019135" startTime="2014-07-11T16:36:27.9366566+05:30" endTime="2014-07-11T16:36:27.9426569+05:30" testType="13cdc9d9-ddb5-4fa4-a97d-d965ccfc6d4b" outcome="Failed" testListId="8c84fa94-04c1-424b-9868-57a2d4851a1d" relativeResultsDirectory="95871fef-c1c9-4bac-830e-08ce9ea2203f">
      <Output>
        <ErrorInfo>
          <Message>Test method Dial4Jobz.Tests.Controllers.AccountControllerTest.Register_Get_ReturnsView threw exception: 
System.ArgumentException: The specified named connection is either not found in the configuration, not intended to be used with the EntityClient provider, or not valid.</Message>
          <StackTrace>    at System.Data.EntityClient.EntityConnection.ChangeConnectionString(String newConnectionString)
   at System.Data.EntityClient.EntityConnection..ctor(String connectionString)
   at System.Data.Objects.ObjectContext.CreateEntityConnection(String connectionString)
   at System.Data.Objects.ObjectContext..ctor(String connectionString, String defaultContainerName)
   at Dial4Jobz.Models.Dial4JobzEntities..ctor() in D:\udhaya\kannan\latest\D4J (1)\D4J\Dial4Jobz\Dial4Jobz\Models\Dial4Jobz.Designer.cs:line 97
   at Dial4Jobz.Models.Repositories.Repository..ctor() in D:\udhaya\kannan\latest\D4J (1)\D4J\Dial4Jobz\Dial4Jobz\Models\Repositories\Repository.cs:line 14
   at Dial4Jobz.Controllers.AccountController..ctor() in D:\udhaya\kannan\latest\D4J (1)\D4J\Dial4Jobz\Dial4Jobz\Controllers\AccountController.cs:line 22
   at Dial4Jobz.Tests.Controllers.AccountControllerTest.GetAccountController() in D:\udhaya\kannan\latest\D4J (1)\D4J\Dial4Jobz\Dial4Jobz.Tests\Controllers\AccountControllerTest.cs:line 322
   at Dial4Jobz.Tests.Controllers.AccountControllerTest.Register_Get_ReturnsView() in D:\udhaya\kannan\latest\D4J (1)\D4J\Dial4Jobz\Dial4Jobz.Tests\Controllers\AccountControllerTest.cs:line 236
</StackTrace>
        </ErrorInfo>
      </Output>
    </UnitTestResult>
    <UnitTestResult executionId="9085970b-edb7-408d-b0d8-0dc275433c13" testId="c4a50e0e-5e0b-a5ac-3bf3-3a8ea76c3904" testName="LogOn_Get_ReturnsView" computerName="DIAL4JOBZ-PC" duration="00:00:00.0017956" startTime="2014-07-11T16:36:27.9456571+05:30" endTime="2014-07-11T16:36:27.9506574+05:30" testType="13cdc9d9-ddb5-4fa4-a97d-d965ccfc6d4b" outcome="Failed" testListId="8c84fa94-04c1-424b-9868-57a2d4851a1d" relativeResultsDirectory="9085970b-edb7-408d-b0d8-0dc275433c13">
      <Output>
        <ErrorInfo>
          <Message>Test method Dial4Jobz.Tests.Controllers.AccountControllerTest.LogOn_Get_ReturnsView threw exception: 
System.ArgumentException: The specified named connection is either not found in the configuration, not intended to be used with the EntityClient provider, or not valid.</Message>
          <StackTrace>    at System.Data.EntityClient.EntityConnection.ChangeConnectionString(String newConnectionString)
   at System.Data.EntityClient.EntityConnection..ctor(String connectionString)
   at System.Data.Objects.ObjectContext.CreateEntityConnection(String connectionString)
   at System.Data.Objects.ObjectContext..ctor(String connectionString, String defaultContainerName)
   at Dial4Jobz.Models.Dial4JobzEntities..ctor() in D:\udhaya\kannan\latest\D4J (1)\D4J\Dial4Jobz\Dial4Jobz\Models\Dial4Jobz.Designer.cs:line 97
   at Dial4Jobz.Models.Repositories.Repository..ctor() in D:\udhaya\kannan\latest\D4J (1)\D4J\Dial4Jobz\Dial4Jobz\Models\Repositories\Repository.cs:line 14
   at Dial4Jobz.Controllers.AccountController..ctor() in D:\udhaya\kannan\latest\D4J (1)\D4J\Dial4Jobz\Dial4Jobz\Controllers\AccountController.cs:line 22
   at Dial4Jobz.Tests.Controllers.AccountControllerTest.GetAccountController() in D:\udhaya\kannan\latest\D4J (1)\D4J\Dial4Jobz\Dial4Jobz.Tests\Controllers\AccountControllerTest.cs:line 322
   at Dial4Jobz.Tests.Controllers.AccountControllerTest.LogOn_Get_ReturnsView() in D:\udhaya\kannan\latest\D4J (1)\D4J\Dial4Jobz\Dial4Jobz.Tests\Controllers\AccountControllerTest.cs:line 134
</StackTrace>
        </ErrorInfo>
      </Output>
    </UnitTestResult>
    <UnitTestResult executionId="65a9ff0e-0aee-46dd-8393-122a8888c4e8" testId="d0dd70e2-6bbc-0b21-2af5-412af563a0e6" testName="LogOn_Post_ReturnsViewIfValidateUserFails" computerName="DIAL4JOBZ-PC" duration="00:00:00.0021244" startTime="2014-07-11T16:36:27.9526575+05:30" endTime="2014-07-11T16:36:27.9586578+05:30" testType="13cdc9d9-ddb5-4fa4-a97d-d965ccfc6d4b" outcome="Failed" testListId="8c84fa94-04c1-424b-9868-57a2d4851a1d" relativeResultsDirectory="65a9ff0e-0aee-46dd-8393-122a8888c4e8">
      <Output>
        <ErrorInfo>
          <Message>Test method Dial4Jobz.Tests.Controllers.AccountControllerTest.LogOn_Post_ReturnsViewIfValidateUserFails threw exception: 
System.ArgumentException: The specified named connection is either not found in the configuration, not intended to be used with the EntityClient provider, or not valid.</Message>
          <StackTrace>    at System.Data.EntityClient.EntityConnection.ChangeConnectionString(String newConnectionString)
   at System.Data.EntityClient.EntityConnection..ctor(String connectionString)
   at System.Data.Objects.ObjectContext.CreateEntityConnection(String connectionString)
   at System.Data.Objects.ObjectContext..ctor(String connectionString, String defaultContainerName)
   at Dial4Jobz.Models.Dial4JobzEntities..ctor() in D:\udhaya\kannan\latest\D4J (1)\D4J\Dial4Jobz\Dial4Jobz\Models\Dial4Jobz.Designer.cs:line 97
   at Dial4Jobz.Models.Repositories.Repository..ctor() in D:\udhaya\kannan\latest\D4J (1)\D4J\Dial4Jobz\Dial4Jobz\Models\Repositories\Repository.cs:line 14
   at Dial4Jobz.Controllers.AccountController..ctor() in D:\udhaya\kannan\latest\D4J (1)\D4J\Dial4Jobz\Dial4Jobz\Controllers\AccountController.cs:line 22
   at Dial4Jobz.Tests.Controllers.AccountControllerTest.GetAccountController() in D:\udhaya\kannan\latest\D4J (1)\D4J\Dial4Jobz\Dial4Jobz.Tests\Controllers\AccountControllerTest.cs:line 322
   at Dial4Jobz.Tests.Controllers.AccountControllerTest.LogOn_Post_ReturnsViewIfValidateUserFails() in D:\udhaya\kannan\latest\D4J (1)\D4J\Dial4Jobz\Dial4Jobz.Tests\Controllers\AccountControllerTest.cs:line 214
</StackTrace>
        </ErrorInfo>
      </Output>
    </UnitTestResult>
    <UnitTestResult executionId="e9d42e29-525c-4c98-aa32-7cc1dc6ee32d" testId="dbfc1878-09ba-49b0-1b06-5ed7cf8bc1b0" testName="Register_Post_ReturnsRedirectOnSuccess" computerName="DIAL4JOBZ-PC" duration="00:00:00.0018823" startTime="2014-07-11T16:36:27.9596579+05:30" endTime="2014-07-11T16:36:27.9656582+05:30" testType="13cdc9d9-ddb5-4fa4-a97d-d965ccfc6d4b" outcome="Failed" testListId="8c84fa94-04c1-424b-9868-57a2d4851a1d" relativeResultsDirectory="e9d42e29-525c-4c98-aa32-7cc1dc6ee32d">
      <Output>
        <ErrorInfo>
          <Message>Test method Dial4Jobz.Tests.Controllers.AccountControllerTest.Register_Post_ReturnsRedirectOnSuccess threw exception: 
System.ArgumentException: The specified named connection is either not found in the configuration, not intended to be used with the EntityClient provider, or not valid.</Message>
          <StackTrace>    at System.Data.EntityClient.EntityConnection.ChangeConnectionString(String newConnectionString)
   at System.Data.EntityClient.EntityConnection..ctor(String connectionString)
   at System.Data.Objects.ObjectContext.CreateEntityConnection(String connectionString)
   at System.Data.Objects.ObjectContext..ctor(String connectionString, String defaultContainerName)
   at Dial4Jobz.Models.Dial4JobzEntities..ctor() in D:\udhaya\kannan\latest\D4J (1)\D4J\Dial4Jobz\Dial4Jobz\Models\Dial4Jobz.Designer.cs:line 97
   at Dial4Jobz.Models.Repositories.Repository..ctor() in D:\udhaya\kannan\latest\D4J (1)\D4J\Dial4Jobz\Dial4Jobz\Models\Repositories\Repository.cs:line 14
   at Dial4Jobz.Controllers.AccountController..ctor() in D:\udhaya\kannan\latest\D4J (1)\D4J\Dial4Jobz\Dial4Jobz\Controllers\AccountController.cs:line 22
   at Dial4Jobz.Tests.Controllers.AccountControllerTest.GetAccountController() in D:\udhaya\kannan\latest\D4J (1)\D4J\Dial4Jobz\Dial4Jobz.Tests\Controllers\AccountControllerTest.cs:line 322
   at Dial4Jobz.Tests.Controllers.AccountControllerTest.Register_Post_ReturnsRedirectOnSuccess() in D:\udhaya\kannan\latest\D4J (1)\D4J\Dial4Jobz\Dial4Jobz.Tests\Controllers\AccountControllerTest.cs:line 250
</StackTrace>
        </ErrorInfo>
      </Output>
    </UnitTestResult>
  </Results>
</TestRun>