<?xml version="1.0" encoding="UTF-8"?>
<TestRun id="8f718e67-9c6a-40a3-9c47-ac94571c3d06" name="Dial4Jobz@DIAL4JOBZ-PC 2014-07-05 15:06:29" runUser="Dial4Jobz-PC\Dial4Jobz" xmlns="http://microsoft.com/schemas/VisualStudio/TeamTest/2010">
  <TestSettings name="Default Test Settings" id="17fc18a8-73a7-402c-97f3-3d84fc612a5b">
    <Deployment runDeploymentRoot="Dial4Jobz_DIAL4JOBZ-PC 2014-07-05 15_06_29">
      <DeploymentItem filename="D:\udhaya\kannan\latest\D4J (1)\D4J\Dial4Jobz\Dial4Jobz\bin\Dial4Jobz.dll" />
    </Deployment>
    <Execution>
      <TestTypeSpecific />
      <AgentRule name="Execution Agents">
      </AgentRule>
    </Execution>
  </TestSettings>
  <Times creation="2014-07-05T15:06:29.5306193+05:30" queuing="2014-07-05T15:06:41.3732966+05:30" start="2014-07-05T15:06:41.7743196+05:30" finish="2014-07-05T16:16:19.5082723+05:30" />
  <ResultSummary outcome="Error">
    <Counters total="17" executed="7" error="0" failed="6" timeout="0" aborted="1" inconclusive="0" passedButRunAborted="0" notRunnable="0" notExecuted="10" disconnected="0" warning="0" passed="0" completed="0" inProgress="0" pending="0" />
    <RunInfos>
      <RunInfo computerName="DIAL4JOBZ-PC" outcome="Error" timestamp="2014-07-05T16:16:19.4992718+05:30">
        <Text>Test host process exited unexpectedly.</Text>
      </RunInfo>
    </RunInfos>
  </ResultSummary>
  <TestDefinitions>
    <UnitTest name="LogOff_LogsOutAndRedirects" storage="d:\udhaya\kannan\latest\d4j (1)\d4j\dial4jobz\dial4jobz.tests\bin\debug\dial4jobz.tests.dll" id="34939394-7f95-033d-78d3-ee4189fe58a8">
      <Execution id="84ec95de-6ed9-4b7c-b568-be21c8d48f28" />
      <TestMethod codeBase="D:/udhaya/kannan/latest/D4J (1)/D4J/Dial4Jobz/Dial4Jobz.Tests/bin/Debug/Dial4Jobz.Tests.DLL" adapterTypeName="Microsoft.VisualStudio.TestTools.TestTypes.Unit.UnitTestAdapter, Microsoft.VisualStudio.QualityTools.Tips.UnitTest.Adapter, Version=10.0.0.0, Culture=neutral, PublicKeyToken=b03f5f7f11d50a3a" className="Dial4Jobz.Tests.Controllers.AccountControllerTest, Dial4Jobz.Tests, Version=1.0.0.0, Culture=neutral, PublicKeyToken=null" name="LogOff_LogsOutAndRedirects" />
    </UnitTest>
    <UnitTest name="Register_Post_ReturnsRedirectOnSuccess" storage="d:\udhaya\kannan\latest\d4j (1)\d4j\dial4jobz\dial4jobz.tests\bin\debug\dial4jobz.tests.dll" id="dbfc1878-09ba-49b0-1b06-5ed7cf8bc1b0">
      <Execution id="12a55419-87e6-4eaa-b49a-d394b661068a" />
      <TestMethod codeBase="D:/udhaya/kannan/latest/D4J (1)/D4J/Dial4Jobz/Dial4Jobz.Tests/bin/Debug/Dial4Jobz.Tests.DLL" adapterTypeName="Microsoft.VisualStudio.TestTools.TestTypes.Unit.UnitTestAdapter, Microsoft.VisualStudio.QualityTools.Tips.UnitTest.Adapter, Version=10.0.0.0, Culture=neutral, PublicKeyToken=b03f5f7f11d50a3a" className="Dial4Jobz.Tests.Controllers.AccountControllerTest, Dial4Jobz.Tests, Version=1.0.0.0, Culture=neutral, PublicKeyToken=null" name="Register_Post_ReturnsRedirectOnSuccess" />
    </UnitTest>
    <UnitTest name="Register_Get_ReturnsView" storage="d:\udhaya\kannan\latest\d4j (1)\d4j\dial4jobz\dial4jobz.tests\bin\debug\dial4jobz.tests.dll" id="b47b0f2b-2e0c-1785-8628-2e60de42438e">
      <Execution id="36c37ba7-9cbb-42db-a5d5-a02ce924154f" />
      <TestMethod codeBase="D:/udhaya/kannan/latest/D4J (1)/D4J/Dial4Jobz/Dial4Jobz.Tests/bin/Debug/Dial4Jobz.Tests.DLL" adapterTypeName="Microsoft.VisualStudio.TestTools.TestTypes.Unit.UnitTestAdapter, Microsoft.VisualStudio.QualityTools.Tips.UnitTest.Adapter, Version=10.0.0.0, Culture=neutral, PublicKeyToken=b03f5f7f11d50a3a" className="Dial4Jobz.Tests.Controllers.AccountControllerTest, Dial4Jobz.Tests, Version=1.0.0.0, Culture=neutral, PublicKeyToken=null" name="Register_Get_ReturnsView" />
    </UnitTest>
    <UnitTest name="LogOn_Post_ReturnsRedirectOnSuccess_WithoutReturnUrl" storage="d:\udhaya\kannan\latest\d4j (1)\d4j\dial4jobz\dial4jobz.tests\bin\debug\dial4jobz.tests.dll" id="0a2e69cc-e55f-517c-3b91-d8f3b5887227">
      <Execution id="cd5665d8-edb7-4a4e-bcd1-bcf392b0ef95" />
      <TestMethod codeBase="D:/udhaya/kannan/latest/D4J (1)/D4J/Dial4Jobz/Dial4Jobz.Tests/bin/Debug/Dial4Jobz.Tests.DLL" adapterTypeName="Microsoft.VisualStudio.TestTools.TestTypes.Unit.UnitTestAdapter, Microsoft.VisualStudio.QualityTools.Tips.UnitTest.Adapter, Version=10.0.0.0, Culture=neutral, PublicKeyToken=b03f5f7f11d50a3a" className="Dial4Jobz.Tests.Controllers.AccountControllerTest, Dial4Jobz.Tests, Version=1.0.0.0, Culture=neutral, PublicKeyToken=null" name="LogOn_Post_ReturnsRedirectOnSuccess_WithoutReturnUrl" />
    </UnitTest>
    <UnitTest name="LogOn_Post_ReturnsRedirectOnSuccess_WithReturnUrl" storage="d:\udhaya\kannan\latest\d4j (1)\d4j\dial4jobz\dial4jobz.tests\bin\debug\dial4jobz.tests.dll" id="6cd5f15c-af3a-a13c-5eda-62a3835ebe18">
      <Execution id="47f3a03b-50d0-4db3-9e77-080706d4fe77" />
      <TestMethod codeBase="D:/udhaya/kannan/latest/D4J (1)/D4J/Dial4Jobz/Dial4Jobz.Tests/bin/Debug/Dial4Jobz.Tests.DLL" adapterTypeName="Microsoft.VisualStudio.TestTools.TestTypes.Unit.UnitTestAdapter, Microsoft.VisualStudio.QualityTools.Tips.UnitTest.Adapter, Version=10.0.0.0, Culture=neutral, PublicKeyToken=b03f5f7f11d50a3a" className="Dial4Jobz.Tests.Controllers.AccountControllerTest, Dial4Jobz.Tests, Version=1.0.0.0, Culture=neutral, PublicKeyToken=null" name="LogOn_Post_ReturnsRedirectOnSuccess_WithReturnUrl" />
    </UnitTest>
    <UnitTest name="LogOn_Post_ReturnsViewIfModelStateIsInvalid" storage="d:\udhaya\kannan\latest\d4j (1)\d4j\dial4jobz\dial4jobz.tests\bin\debug\dial4jobz.tests.dll" id="a1e3cebc-a18c-1bbe-e878-e5aac6e12e67">
      <Execution id="274e8224-ff9a-40ba-9368-5d11e04fe259" />
      <TestMethod codeBase="D:/udhaya/kannan/latest/D4J (1)/D4J/Dial4Jobz/Dial4Jobz.Tests/bin/Debug/Dial4Jobz.Tests.DLL" adapterTypeName="Microsoft.VisualStudio.TestTools.TestTypes.Unit.UnitTestAdapter, Microsoft.VisualStudio.QualityTools.Tips.UnitTest.Adapter, Version=10.0.0.0, Culture=neutral, PublicKeyToken=b03f5f7f11d50a3a" className="Dial4Jobz.Tests.Controllers.AccountControllerTest, Dial4Jobz.Tests, Version=1.0.0.0, Culture=neutral, PublicKeyToken=null" name="LogOn_Post_ReturnsViewIfModelStateIsInvalid" />
    </UnitTest>
    <UnitTest name="ChangePasswordSuccess_ReturnsView" storage="d:\udhaya\kannan\latest\d4j (1)\d4j\dial4jobz\dial4jobz.tests\bin\debug\dial4jobz.tests.dll" id="118521c1-fb6c-0cd0-f919-71fe1250f425">
      <Execution id="43eed15a-9d11-47f8-b4f0-51f7585cbeb5" />
      <TestMethod codeBase="D:/udhaya/kannan/latest/D4J (1)/D4J/Dial4Jobz/Dial4Jobz.Tests/bin/Debug/Dial4Jobz.Tests.DLL" adapterTypeName="Microsoft.VisualStudio.TestTools.TestTypes.Unit.UnitTestAdapter, Microsoft.VisualStudio.QualityTools.Tips.UnitTest.Adapter, Version=10.0.0.0, Culture=neutral, PublicKeyToken=b03f5f7f11d50a3a" className="Dial4Jobz.Tests.Controllers.AccountControllerTest, Dial4Jobz.Tests, Version=1.0.0.0, Culture=neutral, PublicKeyToken=null" name="ChangePasswordSuccess_ReturnsView" />
    </UnitTest>
    <UnitTest name="Index" storage="d:\udhaya\kannan\latest\d4j (1)\d4j\dial4jobz\dial4jobz.tests\bin\debug\dial4jobz.tests.dll" id="0f4d75fd-c35c-50e4-bcbf-274733e29352">
      <Execution id="a12a21ff-d0a3-4a9e-a26c-0ddb584fa088" />
      <TestMethod codeBase="D:/udhaya/kannan/latest/D4J (1)/D4J/Dial4Jobz/Dial4Jobz.Tests/bin/Debug/Dial4Jobz.Tests.DLL" adapterTypeName="Microsoft.VisualStudio.TestTools.TestTypes.Unit.UnitTestAdapter, Microsoft.VisualStudio.QualityTools.Tips.UnitTest.Adapter, Version=10.0.0.0, Culture=neutral, PublicKeyToken=b03f5f7f11d50a3a" className="Dial4Jobz.Tests.Controllers.HomeControllerTest, Dial4Jobz.Tests, Version=1.0.0.0, Culture=neutral, PublicKeyToken=null" name="Index" />
    </UnitTest>
    <UnitTest name="About" storage="d:\udhaya\kannan\latest\d4j (1)\d4j\dial4jobz\dial4jobz.tests\bin\debug\dial4jobz.tests.dll" id="97377115-8f77-730e-b40c-f370f3479b61">
      <Execution id="0c341814-1293-4047-a9ea-5ff3fca8a46c" />
      <TestMethod codeBase="D:/udhaya/kannan/latest/D4J (1)/D4J/Dial4Jobz/Dial4Jobz.Tests/bin/Debug/Dial4Jobz.Tests.DLL" adapterTypeName="Microsoft.VisualStudio.TestTools.TestTypes.Unit.UnitTestAdapter, Microsoft.VisualStudio.QualityTools.Tips.UnitTest.Adapter, Version=10.0.0.0, Culture=neutral, PublicKeyToken=b03f5f7f11d50a3a" className="Dial4Jobz.Tests.Controllers.HomeControllerTest, Dial4Jobz.Tests, Version=1.0.0.0, Culture=neutral, PublicKeyToken=null" name="About" />
    </UnitTest>
    <UnitTest name="LogOn_Get_ReturnsView" storage="d:\udhaya\kannan\latest\d4j (1)\d4j\dial4jobz\dial4jobz.tests\bin\debug\dial4jobz.tests.dll" id="c4a50e0e-5e0b-a5ac-3bf3-3a8ea76c3904">
      <Execution id="bff2ad38-0acb-4938-8269-0a1532642939" />
      <TestMethod codeBase="D:/udhaya/kannan/latest/D4J (1)/D4J/Dial4Jobz/Dial4Jobz.Tests/bin/Debug/Dial4Jobz.Tests.DLL" adapterTypeName="Microsoft.VisualStudio.TestTools.TestTypes.Unit.UnitTestAdapter, Microsoft.VisualStudio.QualityTools.Tips.UnitTest.Adapter, Version=10.0.0.0, Culture=neutral, PublicKeyToken=b03f5f7f11d50a3a" className="Dial4Jobz.Tests.Controllers.AccountControllerTest, Dial4Jobz.Tests, Version=1.0.0.0, Culture=neutral, PublicKeyToken=null" name="LogOn_Get_ReturnsView" />
    </UnitTest>
    <UnitTest name="Register_Post_ReturnsViewIfModelStateIsInvalid" storage="d:\udhaya\kannan\latest\d4j (1)\d4j\dial4jobz\dial4jobz.tests\bin\debug\dial4jobz.tests.dll" id="425a2982-2abe-aa89-cb98-83febba728bb">
      <Execution id="ff3f66c7-c6ae-48a1-a542-9e25a9e5e47a" />
      <TestMethod codeBase="D:/udhaya/kannan/latest/D4J (1)/D4J/Dial4Jobz/Dial4Jobz.Tests/bin/Debug/Dial4Jobz.Tests.DLL" adapterTypeName="Microsoft.VisualStudio.TestTools.TestTypes.Unit.UnitTestAdapter, Microsoft.VisualStudio.QualityTools.Tips.UnitTest.Adapter, Version=10.0.0.0, Culture=neutral, PublicKeyToken=b03f5f7f11d50a3a" className="Dial4Jobz.Tests.Controllers.AccountControllerTest, Dial4Jobz.Tests, Version=1.0.0.0, Culture=neutral, PublicKeyToken=null" name="Register_Post_ReturnsViewIfModelStateIsInvalid" />
    </UnitTest>
    <UnitTest name="LogOn_Post_ReturnsViewIfValidateUserFails" storage="d:\udhaya\kannan\latest\d4j (1)\d4j\dial4jobz\dial4jobz.tests\bin\debug\dial4jobz.tests.dll" id="d0dd70e2-6bbc-0b21-2af5-412af563a0e6">
      <Execution id="3e141ca7-e462-4847-bb8b-02b1a4f78632" />
      <TestMethod codeBase="D:/udhaya/kannan/latest/D4J (1)/D4J/Dial4Jobz/Dial4Jobz.Tests/bin/Debug/Dial4Jobz.Tests.DLL" adapterTypeName="Microsoft.VisualStudio.TestTools.TestTypes.Unit.UnitTestAdapter, Microsoft.VisualStudio.QualityTools.Tips.UnitTest.Adapter, Version=10.0.0.0, Culture=neutral, PublicKeyToken=b03f5f7f11d50a3a" className="Dial4Jobz.Tests.Controllers.AccountControllerTest, Dial4Jobz.Tests, Version=1.0.0.0, Culture=neutral, PublicKeyToken=null" name="LogOn_Post_ReturnsViewIfValidateUserFails" />
    </UnitTest>
    <UnitTest name="ChangePassword_Post_ReturnsViewIfModelStateIsInvalid" storage="d:\udhaya\kannan\latest\d4j (1)\d4j\dial4jobz\dial4jobz.tests\bin\debug\dial4jobz.tests.dll" id="a6494fca-178f-bab7-7303-58228f4f8840">
      <Execution id="a5b0463c-cd00-4d5b-b130-52299e30ad0b" />
      <TestMethod codeBase="D:/udhaya/kannan/latest/D4J (1)/D4J/Dial4Jobz/Dial4Jobz.Tests/bin/Debug/Dial4Jobz.Tests.DLL" adapterTypeName="Microsoft.VisualStudio.TestTools.TestTypes.Unit.UnitTestAdapter, Microsoft.VisualStudio.QualityTools.Tips.UnitTest.Adapter, Version=10.0.0.0, Culture=neutral, PublicKeyToken=b03f5f7f11d50a3a" className="Dial4Jobz.Tests.Controllers.AccountControllerTest, Dial4Jobz.Tests, Version=1.0.0.0, Culture=neutral, PublicKeyToken=null" name="ChangePassword_Post_ReturnsViewIfModelStateIsInvalid" />
    </UnitTest>
    <UnitTest name="Register_Post_ReturnsViewIfRegistrationFails" storage="d:\udhaya\kannan\latest\d4j (1)\d4j\dial4jobz\dial4jobz.tests\bin\debug\dial4jobz.tests.dll" id="30ea97f5-c6a8-014a-dbe0-9500a95a0f3d">
      <Execution id="50134337-c251-4e4d-a70a-c673b34d2e84" />
      <TestMethod codeBase="D:/udhaya/kannan/latest/D4J (1)/D4J/Dial4Jobz/Dial4Jobz.Tests/bin/Debug/Dial4Jobz.Tests.DLL" adapterTypeName="Microsoft.VisualStudio.TestTools.TestTypes.Unit.UnitTestAdapter, Microsoft.VisualStudio.QualityTools.Tips.UnitTest.Adapter, Version=10.0.0.0, Culture=neutral, PublicKeyToken=b03f5f7f11d50a3a" className="Dial4Jobz.Tests.Controllers.AccountControllerTest, Dial4Jobz.Tests, Version=1.0.0.0, Culture=neutral, PublicKeyToken=null" name="Register_Post_ReturnsViewIfRegistrationFails" />
    </UnitTest>
    <UnitTest name="ChangePassword_Get_ReturnsView" storage="d:\udhaya\kannan\latest\d4j (1)\d4j\dial4jobz\dial4jobz.tests\bin\debug\dial4jobz.tests.dll" id="1c36afd6-1957-5208-42e3-92c3edacad23">
      <Execution id="60f98ad0-3627-4db6-8075-93cfdb866669" />
      <TestMethod codeBase="D:/udhaya/kannan/latest/D4J (1)/D4J/Dial4Jobz/Dial4Jobz.Tests/bin/Debug/Dial4Jobz.Tests.DLL" adapterTypeName="Microsoft.VisualStudio.TestTools.TestTypes.Unit.UnitTestAdapter, Microsoft.VisualStudio.QualityTools.Tips.UnitTest.Adapter, Version=10.0.0.0, Culture=neutral, PublicKeyToken=b03f5f7f11d50a3a" className="Dial4Jobz.Tests.Controllers.AccountControllerTest, Dial4Jobz.Tests, Version=1.0.0.0, Culture=neutral, PublicKeyToken=null" name="ChangePassword_Get_ReturnsView" />
    </UnitTest>
    <UnitTest name="ChangePassword_Post_ReturnsViewIfChangePasswordFails" storage="d:\udhaya\kannan\latest\d4j (1)\d4j\dial4jobz\dial4jobz.tests\bin\debug\dial4jobz.tests.dll" id="480e3065-4e9d-c2e5-85e5-151883a23700">
      <Execution id="55a94bb6-a854-4fe6-bcb3-85ded53cbb4f" />
      <TestMethod codeBase="D:/udhaya/kannan/latest/D4J (1)/D4J/Dial4Jobz/Dial4Jobz.Tests/bin/Debug/Dial4Jobz.Tests.DLL" adapterTypeName="Microsoft.VisualStudio.TestTools.TestTypes.Unit.UnitTestAdapter, Microsoft.VisualStudio.QualityTools.Tips.UnitTest.Adapter, Version=10.0.0.0, Culture=neutral, PublicKeyToken=b03f5f7f11d50a3a" className="Dial4Jobz.Tests.Controllers.AccountControllerTest, Dial4Jobz.Tests, Version=1.0.0.0, Culture=neutral, PublicKeyToken=null" name="ChangePassword_Post_ReturnsViewIfChangePasswordFails" />
    </UnitTest>
    <UnitTest name="ChangePassword_Post_ReturnsRedirectOnSuccess" storage="d:\udhaya\kannan\latest\d4j (1)\d4j\dial4jobz\dial4jobz.tests\bin\debug\dial4jobz.tests.dll" id="7b4c101a-0ba7-1901-9a66-a2f27ae7e7d2">
      <Execution id="a02c85c3-26d6-4852-acad-40400e1a5963" />
      <TestMethod codeBase="D:/udhaya/kannan/latest/D4J (1)/D4J/Dial4Jobz/Dial4Jobz.Tests/bin/Debug/Dial4Jobz.Tests.DLL" adapterTypeName="Microsoft.VisualStudio.TestTools.TestTypes.Unit.UnitTestAdapter, Microsoft.VisualStudio.QualityTools.Tips.UnitTest.Adapter, Version=10.0.0.0, Culture=neutral, PublicKeyToken=b03f5f7f11d50a3a" className="Dial4Jobz.Tests.Controllers.AccountControllerTest, Dial4Jobz.Tests, Version=1.0.0.0, Culture=neutral, PublicKeyToken=null" name="ChangePassword_Post_ReturnsRedirectOnSuccess" />
    </UnitTest>
  </TestDefinitions>
  <TestLists>
    <TestList name="Results Not in a List" id="8c84fa94-04c1-424b-9868-57a2d4851a1d" />
    <TestList name="All Loaded Results" id="19431567-8539-422a-85d7-44ee4e166bda" />
  </TestLists>
  <TestEntries>
    <TestEntry testId="0a2e69cc-e55f-517c-3b91-d8f3b5887227" executionId="cd5665d8-edb7-4a4e-bcd1-bcf392b0ef95" testListId="8c84fa94-04c1-424b-9868-57a2d4851a1d" />
    <TestEntry testId="0f4d75fd-c35c-50e4-bcbf-274733e29352" executionId="a12a21ff-d0a3-4a9e-a26c-0ddb584fa088" testListId="8c84fa94-04c1-424b-9868-57a2d4851a1d" />
    <TestEntry testId="118521c1-fb6c-0cd0-f919-71fe1250f425" executionId="43eed15a-9d11-47f8-b4f0-51f7585cbeb5" testListId="8c84fa94-04c1-424b-9868-57a2d4851a1d" />
    <TestEntry testId="1c36afd6-1957-5208-42e3-92c3edacad23" executionId="60f98ad0-3627-4db6-8075-93cfdb866669" testListId="8c84fa94-04c1-424b-9868-57a2d4851a1d" />
    <TestEntry testId="30ea97f5-c6a8-014a-dbe0-9500a95a0f3d" executionId="50134337-c251-4e4d-a70a-c673b34d2e84" testListId="8c84fa94-04c1-424b-9868-57a2d4851a1d" />
    <TestEntry testId="34939394-7f95-033d-78d3-ee4189fe58a8" executionId="84ec95de-6ed9-4b7c-b568-be21c8d48f28" testListId="8c84fa94-04c1-424b-9868-57a2d4851a1d" />
    <TestEntry testId="425a2982-2abe-aa89-cb98-83febba728bb" executionId="ff3f66c7-c6ae-48a1-a542-9e25a9e5e47a" testListId="8c84fa94-04c1-424b-9868-57a2d4851a1d" />
    <TestEntry testId="480e3065-4e9d-c2e5-85e5-151883a23700" executionId="55a94bb6-a854-4fe6-bcb3-85ded53cbb4f" testListId="8c84fa94-04c1-424b-9868-57a2d4851a1d" />
    <TestEntry testId="6cd5f15c-af3a-a13c-5eda-62a3835ebe18" executionId="47f3a03b-50d0-4db3-9e77-080706d4fe77" testListId="8c84fa94-04c1-424b-9868-57a2d4851a1d" />
    <TestEntry testId="7b4c101a-0ba7-1901-9a66-a2f27ae7e7d2" executionId="a02c85c3-26d6-4852-acad-40400e1a5963" testListId="8c84fa94-04c1-424b-9868-57a2d4851a1d" />
    <TestEntry testId="97377115-8f77-730e-b40c-f370f3479b61" executionId="0c341814-1293-4047-a9ea-5ff3fca8a46c" testListId="8c84fa94-04c1-424b-9868-57a2d4851a1d" />
    <TestEntry testId="a1e3cebc-a18c-1bbe-e878-e5aac6e12e67" executionId="274e8224-ff9a-40ba-9368-5d11e04fe259" testListId="8c84fa94-04c1-424b-9868-57a2d4851a1d" />
    <TestEntry testId="a6494fca-178f-bab7-7303-58228f4f8840" executionId="a5b0463c-cd00-4d5b-b130-52299e30ad0b" testListId="8c84fa94-04c1-424b-9868-57a2d4851a1d" />
    <TestEntry testId="b47b0f2b-2e0c-1785-8628-2e60de42438e" executionId="36c37ba7-9cbb-42db-a5d5-a02ce924154f" testListId="8c84fa94-04c1-424b-9868-57a2d4851a1d" />
    <TestEntry testId="c4a50e0e-5e0b-a5ac-3bf3-3a8ea76c3904" executionId="bff2ad38-0acb-4938-8269-0a1532642939" testListId="8c84fa94-04c1-424b-9868-57a2d4851a1d" />
    <TestEntry testId="d0dd70e2-6bbc-0b21-2af5-412af563a0e6" executionId="3e141ca7-e462-4847-bb8b-02b1a4f78632" testListId="8c84fa94-04c1-424b-9868-57a2d4851a1d" />
    <TestEntry testId="dbfc1878-09ba-49b0-1b06-5ed7cf8bc1b0" executionId="12a55419-87e6-4eaa-b49a-d394b661068a" testListId="8c84fa94-04c1-424b-9868-57a2d4851a1d" />
  </TestEntries>
  <Results>
    <UnitTestResult executionId="cd5665d8-edb7-4a4e-bcd1-bcf392b0ef95" testId="0a2e69cc-e55f-517c-3b91-d8f3b5887227" testName="LogOn_Post_ReturnsRedirectOnSuccess_WithoutReturnUrl" computerName="DIAL4JOBZ-PC" duration="00:00:07.1010385" startTime="2014-07-05T15:06:42.5783656+05:30" endTime="2014-07-05T15:06:51.1598564+05:30" testType="13cdc9d9-ddb5-4fa4-a97d-d965ccfc6d4b" outcome="Failed" testListId="8c84fa94-04c1-424b-9868-57a2d4851a1d" relativeResultsDirectory="cd5665d8-edb7-4a4e-bcd1-bcf392b0ef95">
      <Output>
        <ErrorInfo>
          <Message>Test method Dial4Jobz.Tests.Controllers.AccountControllerTest.LogOn_Post_ReturnsRedirectOnSuccess_WithoutReturnUrl threw exception: 
System.ArgumentException: The specified named connection is either not found in the configuration, not intended to be used with the EntityClient provider, or not valid.</Message>
          <StackTrace>    at System.Data.EntityClient.EntityConnection.ChangeConnectionString(String newConnectionString)
   at System.Data.EntityClient.EntityConnection..ctor(String connectionString)
   at System.Data.Objects.ObjectContext.CreateEntityConnection(String connectionString)
   at System.Data.Objects.ObjectContext..ctor(String connectionString, String defaultContainerName)
   at Dial4Jobz.Models.Dial4JobzEntities..ctor() in D:\udhaya\kannan\latest\D4J (1)\D4J\Dial4Jobz\Dial4Jobz\Models\Dial4Jobz.Designer.cs:line 97
   at Dial4Jobz.Models.Repositories.Repository..ctor() in D:\udhaya\kannan\latest\D4J (1)\D4J\Dial4Jobz\Dial4Jobz\Models\Repositories\Repository.cs:line 14
   at Dial4Jobz.Controllers.AccountController..ctor() in D:\udhaya\kannan\latest\D4J (1)\D4J\Dial4Jobz\Dial4Jobz\Controllers\AccountController.cs:line 22
   at Dial4Jobz.Tests.Controllers.AccountControllerTest.GetAccountController() in D:\udhaya\kannan\latest\D4J (1)\D4J\Dial4Jobz\Dial4Jobz.Tests\Controllers\AccountControllerTest.cs:line 322
   at Dial4Jobz.Tests.Controllers.AccountControllerTest.LogOn_Post_ReturnsRedirectOnSuccess_WithoutReturnUrl() in D:\udhaya\kannan\latest\D4J (1)\D4J\Dial4Jobz\Dial4Jobz.Tests\Controllers\AccountControllerTest.cs:line 147
</StackTrace>
        </ErrorInfo>
      </Output>
    </UnitTestResult>
    <UnitTestResult executionId="a12a21ff-d0a3-4a9e-a26c-0ddb584fa088" testId="0f4d75fd-c35c-50e4-bcbf-274733e29352" testName="Index" computerName="DIAL4JOBZ-PC" duration="00:00:00.3006313" startTime="2014-07-05T15:06:51.1778574+05:30" endTime="2014-07-05T15:06:51.4928755+05:30" testType="13cdc9d9-ddb5-4fa4-a97d-d965ccfc6d4b" outcome="Failed" testListId="8c84fa94-04c1-424b-9868-57a2d4851a1d" relativeResultsDirectory="a12a21ff-d0a3-4a9e-a26c-0ddb584fa088">
      <Output>
        <ErrorInfo>
          <Message>Test method Dial4Jobz.Tests.Controllers.HomeControllerTest.Index threw exception: 
System.ArgumentException: The specified named connection is either not found in the configuration, not intended to be used with the EntityClient provider, or not valid.</Message>
          <StackTrace>    at System.Data.EntityClient.EntityConnection.ChangeConnectionString(String newConnectionString)
   at System.Data.EntityClient.EntityConnection..ctor(String connectionString)
   at System.Data.Objects.ObjectContext.CreateEntityConnection(String connectionString)
   at System.Data.Objects.ObjectContext..ctor(String connectionString, String defaultContainerName)
   at Dial4Jobz.Models.Dial4JobzEntities..ctor() in D:\udhaya\kannan\latest\D4J (1)\D4J\Dial4Jobz\Dial4Jobz\Models\Dial4Jobz.Designer.cs:line 97
   at Dial4Jobz.Models.Repositories.Repository..ctor() in D:\udhaya\kannan\latest\D4J (1)\D4J\Dial4Jobz\Dial4Jobz\Models\Repositories\Repository.cs:line 14
   at Dial4Jobz.Controllers.HomeController..ctor() in D:\udhaya\kannan\latest\D4J (1)\D4J\Dial4Jobz\Dial4Jobz\Controllers\HomeController.cs:line 20
   at Dial4Jobz.Tests.Controllers.HomeControllerTest.Index() in D:\udhaya\kannan\latest\D4J (1)\D4J\Dial4Jobz\Dial4Jobz.Tests\Controllers\HomeControllerTest.cs:line 19
</StackTrace>
        </ErrorInfo>
      </Output>
    </UnitTestResult>
    <UnitTestResult executionId="43eed15a-9d11-47f8-b4f0-51f7585cbeb5" testId="118521c1-fb6c-0cd0-f919-71fe1250f425" testName="ChangePasswordSuccess_ReturnsView" computerName="DIAL4JOBZ-PC" duration="00:00:00.3051700" startTime="2014-07-05T15:06:51.5278775+05:30" endTime="2014-07-05T15:06:51.8408954+05:30" testType="13cdc9d9-ddb5-4fa4-a97d-d965ccfc6d4b" outcome="Failed" testListId="8c84fa94-04c1-424b-9868-57a2d4851a1d" relativeResultsDirectory="43eed15a-9d11-47f8-b4f0-51f7585cbeb5">
      <Output>
        <ErrorInfo>
          <Message>Test method Dial4Jobz.Tests.Controllers.AccountControllerTest.ChangePasswordSuccess_ReturnsView threw exception: 
System.ArgumentException: The specified named connection is either not found in the configuration, not intended to be used with the EntityClient provider, or not valid.</Message>
          <StackTrace>    at System.Data.EntityClient.EntityConnection.ChangeConnectionString(String newConnectionString)
   at System.Data.EntityClient.EntityConnection..ctor(String connectionString)
   at System.Data.Objects.ObjectContext.CreateEntityConnection(String connectionString)
   at System.Data.Objects.ObjectContext..ctor(String connectionString, String defaultContainerName)
   at Dial4Jobz.Models.Dial4JobzEntities..ctor() in D:\udhaya\kannan\latest\D4J (1)\D4J\Dial4Jobz\Dial4Jobz\Models\Dial4Jobz.Designer.cs:line 97
   at Dial4Jobz.Models.Repositories.Repository..ctor() in D:\udhaya\kannan\latest\D4J (1)\D4J\Dial4Jobz\Dial4Jobz\Models\Repositories\Repository.cs:line 14
   at Dial4Jobz.Controllers.AccountController..ctor() in D:\udhaya\kannan\latest\D4J (1)\D4J\Dial4Jobz\Dial4Jobz\Controllers\AccountController.cs:line 22
   at Dial4Jobz.Tests.Controllers.AccountControllerTest.GetAccountController() in D:\udhaya\kannan\latest\D4J (1)\D4J\Dial4Jobz\Dial4Jobz.Tests\Controllers\AccountControllerTest.cs:line 322
   at Dial4Jobz.Tests.Controllers.AccountControllerTest.ChangePasswordSuccess_ReturnsView() in D:\udhaya\kannan\latest\D4J (1)\D4J\Dial4Jobz\Dial4Jobz.Tests\Controllers\AccountControllerTest.cs:line 104
</StackTrace>
        </ErrorInfo>
      </Output>
    </UnitTestResult>
    <UnitTestResult executionId="60f98ad0-3627-4db6-8075-93cfdb866669" testId="1c36afd6-1957-5208-42e3-92c3edacad23" testName="ChangePassword_Get_ReturnsView" computerName="DIAL4JOBZ-PC" duration="00:00:00.3375649" startTime="2014-07-05T15:06:51.8868980+05:30" endTime="2014-07-05T15:06:52.2319177+05:30" testType="13cdc9d9-ddb5-4fa4-a97d-d965ccfc6d4b" outcome="Failed" testListId="8c84fa94-04c1-424b-9868-57a2d4851a1d" relativeResultsDirectory="60f98ad0-3627-4db6-8075-93cfdb866669">
      <Output>
        <ErrorInfo>
          <Message>Test method Dial4Jobz.Tests.Controllers.AccountControllerTest.ChangePassword_Get_ReturnsView threw exception: 
System.ArgumentException: The specified named connection is either not found in the configuration, not intended to be used with the EntityClient provider, or not valid.</Message>
          <StackTrace>    at System.Data.EntityClient.EntityConnection.ChangeConnectionString(String newConnectionString)
   at System.Data.EntityClient.EntityConnection..ctor(String connectionString)
   at System.Data.Objects.ObjectContext.CreateEntityConnection(String connectionString)
   at System.Data.Objects.ObjectContext..ctor(String connectionString, String defaultContainerName)
   at Dial4Jobz.Models.Dial4JobzEntities..ctor() in D:\udhaya\kannan\latest\D4J (1)\D4J\Dial4Jobz\Dial4Jobz\Models\Dial4Jobz.Designer.cs:line 97
   at Dial4Jobz.Models.Repositories.Repository..ctor() in D:\udhaya\kannan\latest\D4J (1)\D4J\Dial4Jobz\Dial4Jobz\Models\Repositories\Repository.cs:line 14
   at Dial4Jobz.Controllers.AccountController..ctor() in D:\udhaya\kannan\latest\D4J (1)\D4J\Dial4Jobz\Dial4Jobz\Controllers\AccountController.cs:line 22
   at Dial4Jobz.Tests.Controllers.AccountControllerTest.GetAccountController() in D:\udhaya\kannan\latest\D4J (1)\D4J\Dial4Jobz\Dial4Jobz.Tests\Controllers\AccountControllerTest.cs:line 322
   at Dial4Jobz.Tests.Controllers.AccountControllerTest.ChangePassword_Get_ReturnsView() in D:\udhaya\kannan\latest\D4J (1)\D4J\Dial4Jobz\Dial4Jobz.Tests\Controllers\AccountControllerTest.cs:line 23
</StackTrace>
        </ErrorInfo>
      </Output>
    </UnitTestResult>
    <UnitTestResult executionId="50134337-c251-4e4d-a70a-c673b34d2e84" testId="30ea97f5-c6a8-014a-dbe0-9500a95a0f3d" testName="Register_Post_ReturnsViewIfRegistrationFails" computerName="DIAL4JOBZ-PC" duration="00:00:00.4956900" startTime="2014-07-05T15:06:52.2589193+05:30" endTime="2014-07-05T15:06:52.7589479+05:30" testType="13cdc9d9-ddb5-4fa4-a97d-d965ccfc6d4b" outcome="Failed" testListId="8c84fa94-04c1-424b-9868-57a2d4851a1d" relativeResultsDirectory="50134337-c251-4e4d-a70a-c673b34d2e84">
      <Output>
        <ErrorInfo>
          <Message>Test method Dial4Jobz.Tests.Controllers.AccountControllerTest.Register_Post_ReturnsViewIfRegistrationFails threw exception: 
System.ArgumentException: The specified named connection is either not found in the configuration, not intended to be used with the EntityClient provider, or not valid.</Message>
          <StackTrace>    at System.Data.EntityClient.EntityConnection.ChangeConnectionString(String newConnectionString)
   at System.Data.EntityClient.EntityConnection..ctor(String connectionString)
   at System.Data.Objects.ObjectContext.CreateEntityConnection(String connectionString)
   at System.Data.Objects.ObjectContext..ctor(String connectionString, String defaultContainerName)
   at Dial4Jobz.Models.Dial4JobzEntities..ctor() in D:\udhaya\kannan\latest\D4J (1)\D4J\Dial4Jobz\Dial4Jobz\Models\Dial4Jobz.Designer.cs:line 97
   at Dial4Jobz.Models.Repositories.Repository..ctor() in D:\udhaya\kannan\latest\D4J (1)\D4J\Dial4Jobz\Dial4Jobz\Models\Repositories\Repository.cs:line 14
   at Dial4Jobz.Controllers.AccountController..ctor() in D:\udhaya\kannan\latest\D4J (1)\D4J\Dial4Jobz\Dial4Jobz\Controllers\AccountController.cs:line 22
   at Dial4Jobz.Tests.Controllers.AccountControllerTest.GetAccountController() in D:\udhaya\kannan\latest\D4J (1)\D4J\Dial4Jobz\Dial4Jobz.Tests\Controllers\AccountControllerTest.cs:line 322
   at Dial4Jobz.Tests.Controllers.AccountControllerTest.Register_Post_ReturnsViewIfRegistrationFails() in D:\udhaya\kannan\latest\D4J (1)\D4J\Dial4Jobz\Dial4Jobz.Tests\Controllers\AccountControllerTest.cs:line 274
</StackTrace>
        </ErrorInfo>
      </Output>
    </UnitTestResult>
    <UnitTestResult executionId="84ec95de-6ed9-4b7c-b568-be21c8d48f28" testId="34939394-7f95-033d-78d3-ee4189fe58a8" testName="LogOff_LogsOutAndRedirects" computerName="DIAL4JOBZ-PC" duration="00:00:00.3210585" startTime="2014-07-05T15:06:52.8159511+05:30" endTime="2014-07-05T15:06:53.1509703+05:30" testType="13cdc9d9-ddb5-4fa4-a97d-d965ccfc6d4b" outcome="Failed" testListId="8c84fa94-04c1-424b-9868-57a2d4851a1d" relativeResultsDirectory="84ec95de-6ed9-4b7c-b568-be21c8d48f28">
      <Output>
        <ErrorInfo>
          <Message>Test method Dial4Jobz.Tests.Controllers.AccountControllerTest.LogOff_LogsOutAndRedirects threw exception: 
System.ArgumentException: The specified named connection is either not found in the configuration, not intended to be used with the EntityClient provider, or not valid.</Message>
          <StackTrace>    at System.Data.EntityClient.EntityConnection.ChangeConnectionString(String newConnectionString)
   at System.Data.EntityClient.EntityConnection..ctor(String connectionString)
   at System.Data.Objects.ObjectContext.CreateEntityConnection(String connectionString)
   at System.Data.Objects.ObjectContext..ctor(String connectionString, String defaultContainerName)
   at Dial4Jobz.Models.Dial4JobzEntities..ctor() in D:\udhaya\kannan\latest\D4J (1)\D4J\Dial4Jobz\Dial4Jobz\Models\Dial4Jobz.Designer.cs:line 97
   at Dial4Jobz.Models.Repositories.Repository..ctor() in D:\udhaya\kannan\latest\D4J (1)\D4J\Dial4Jobz\Dial4Jobz\Models\Repositories\Repository.cs:line 14
   at Dial4Jobz.Controllers.AccountController..ctor() in D:\udhaya\kannan\latest\D4J (1)\D4J\Dial4Jobz\Dial4Jobz\Controllers\AccountController.cs:line 22
   at Dial4Jobz.Tests.Controllers.AccountControllerTest.GetAccountController() in D:\udhaya\kannan\latest\D4J (1)\D4J\Dial4Jobz\Dial4Jobz.Tests\Controllers\AccountControllerTest.cs:line 322
   at Dial4Jobz.Tests.Controllers.AccountControllerTest.LogOff_LogsOutAndRedirects() in D:\udhaya\kannan\latest\D4J (1)\D4J\Dial4Jobz\Dial4Jobz.Tests\Controllers\AccountControllerTest.cs:line 117
</StackTrace>
        </ErrorInfo>
      </Output>
    </UnitTestResult>
    <UnitTestResult executionId="ff3f66c7-c6ae-48a1-a542-9e25a9e5e47a" testId="425a2982-2abe-aa89-cb98-83febba728bb" testName="Register_Post_ReturnsViewIfModelStateIsInvalid" computerName="DIAL4JOBZ-PC" duration="01:09:26.3333006" startTime="2014-07-05T15:06:53.1669712+05:30" endTime="2014-07-05T16:16:19.5002718+05:30" testType="13cdc9d9-ddb5-4fa4-a97d-d965ccfc6d4b" outcome="Aborted" testListId="8c84fa94-04c1-424b-9868-57a2d4851a1d" relativeResultsDirectory="ff3f66c7-c6ae-48a1-a542-9e25a9e5e47a">
    </UnitTestResult>
    <UnitTestResult executionId="55a94bb6-a854-4fe6-bcb3-85ded53cbb4f" testId="480e3065-4e9d-c2e5-85e5-151883a23700" testName="ChangePassword_Post_ReturnsViewIfChangePasswordFails" computerName="DIAL4JOBZ-PC" testType="13cdc9d9-ddb5-4fa4-a97d-d965ccfc6d4b" outcome="NotExecuted" testListId="8c84fa94-04c1-424b-9868-57a2d4851a1d" relativeResultsDirectory="55a94bb6-a854-4fe6-bcb3-85ded53cbb4f">
    </UnitTestResult>
    <UnitTestResult executionId="47f3a03b-50d0-4db3-9e77-080706d4fe77" testId="6cd5f15c-af3a-a13c-5eda-62a3835ebe18" testName="LogOn_Post_ReturnsRedirectOnSuccess_WithReturnUrl" computerName="DIAL4JOBZ-PC" testType="13cdc9d9-ddb5-4fa4-a97d-d965ccfc6d4b" outcome="NotExecuted" testListId="8c84fa94-04c1-424b-9868-57a2d4851a1d" relativeResultsDirectory="47f3a03b-50d0-4db3-9e77-080706d4fe77">
    </UnitTestResult>
    <UnitTestResult executionId="a02c85c3-26d6-4852-acad-40400e1a5963" testId="7b4c101a-0ba7-1901-9a66-a2f27ae7e7d2" testName="ChangePassword_Post_ReturnsRedirectOnSuccess" computerName="DIAL4JOBZ-PC" testType="13cdc9d9-ddb5-4fa4-a97d-d965ccfc6d4b" outcome="NotExecuted" testListId="8c84fa94-04c1-424b-9868-57a2d4851a1d" relativeResultsDirectory="a02c85c3-26d6-4852-acad-40400e1a5963">
    </UnitTestResult>
    <UnitTestResult executionId="0c341814-1293-4047-a9ea-5ff3fca8a46c" testId="97377115-8f77-730e-b40c-f370f3479b61" testName="About" computerName="DIAL4JOBZ-PC" testType="13cdc9d9-ddb5-4fa4-a97d-d965ccfc6d4b" outcome="NotExecuted" testListId="8c84fa94-04c1-424b-9868-57a2d4851a1d" relativeResultsDirectory="0c341814-1293-4047-a9ea-5ff3fca8a46c">
    </UnitTestResult>
    <UnitTestResult executionId="274e8224-ff9a-40ba-9368-5d11e04fe259" testId="a1e3cebc-a18c-1bbe-e878-e5aac6e12e67" testName="LogOn_Post_ReturnsViewIfModelStateIsInvalid" computerName="DIAL4JOBZ-PC" testType="13cdc9d9-ddb5-4fa4-a97d-d965ccfc6d4b" outcome="NotExecuted" testListId="8c84fa94-04c1-424b-9868-57a2d4851a1d" relativeResultsDirectory="274e8224-ff9a-40ba-9368-5d11e04fe259">
    </UnitTestResult>
    <UnitTestResult executionId="a5b0463c-cd00-4d5b-b130-52299e30ad0b" testId="a6494fca-178f-bab7-7303-58228f4f8840" testName="ChangePassword_Post_ReturnsViewIfModelStateIsInvalid" computerName="DIAL4JOBZ-PC" testType="13cdc9d9-ddb5-4fa4-a97d-d965ccfc6d4b" outcome="NotExecuted" testListId="8c84fa94-04c1-424b-9868-57a2d4851a1d" relativeResultsDirectory="a5b0463c-cd00-4d5b-b130-52299e30ad0b">
    </UnitTestResult>
    <UnitTestResult executionId="36c37ba7-9cbb-42db-a5d5-a02ce924154f" testId="b47b0f2b-2e0c-1785-8628-2e60de42438e" testName="Register_Get_ReturnsView" computerName="DIAL4JOBZ-PC" testType="13cdc9d9-ddb5-4fa4-a97d-d965ccfc6d4b" outcome="NotExecuted" testListId="8c84fa94-04c1-424b-9868-57a2d4851a1d" relativeResultsDirectory="36c37ba7-9cbb-42db-a5d5-a02ce924154f">
    </UnitTestResult>
    <UnitTestResult executionId="bff2ad38-0acb-4938-8269-0a1532642939" testId="c4a50e0e-5e0b-a5ac-3bf3-3a8ea76c3904" testName="LogOn_Get_ReturnsView" computerName="DIAL4JOBZ-PC" testType="13cdc9d9-ddb5-4fa4-a97d-d965ccfc6d4b" outcome="NotExecuted" testListId="8c84fa94-04c1-424b-9868-57a2d4851a1d" relativeResultsDirectory="bff2ad38-0acb-4938-8269-0a1532642939">
    </UnitTestResult>
    <UnitTestResult executionId="3e141ca7-e462-4847-bb8b-02b1a4f78632" testId="d0dd70e2-6bbc-0b21-2af5-412af563a0e6" testName="LogOn_Post_ReturnsViewIfValidateUserFails" computerName="DIAL4JOBZ-PC" testType="13cdc9d9-ddb5-4fa4-a97d-d965ccfc6d4b" outcome="NotExecuted" testListId="8c84fa94-04c1-424b-9868-57a2d4851a1d" relativeResultsDirectory="3e141ca7-e462-4847-bb8b-02b1a4f78632">
    </UnitTestResult>
    <UnitTestResult executionId="12a55419-87e6-4eaa-b49a-d394b661068a" testId="dbfc1878-09ba-49b0-1b06-5ed7cf8bc1b0" testName="Register_Post_ReturnsRedirectOnSuccess" computerName="DIAL4JOBZ-PC" testType="13cdc9d9-ddb5-4fa4-a97d-d965ccfc6d4b" outcome="NotExecuted" testListId="8c84fa94-04c1-424b-9868-57a2d4851a1d" relativeResultsDirectory="12a55419-87e6-4eaa-b49a-d394b661068a">
    </UnitTestResult>
  </Results>
</TestRun>