<?xml version="1.0" encoding="UTF-8"?>
<TestRun id="47e37700-a594-49a2-8761-0862a3eb822c" name="Dial4Jobz@DIAL4JOBZ-PC 2015-02-14 15:25:32" runUser="Dial4Jobz-PC\Dial4Jobz" xmlns="http://microsoft.com/schemas/VisualStudio/TeamTest/2010">
  <TestSettings name="Default Test Settings" id="18811c23-2b6f-4ddd-aca8-52d95b902d1a">
    <Deployment runDeploymentRoot="Dial4Jobz_DIAL4JOBZ-PC 2015-02-14 15_25_32">
      <DeploymentItem filename="D:\udhaya\kannan\latest\D4J (1)\D4J\Dial4Jobz\Dial4Jobz\bin\Dial4Jobz.dll" />
    </Deployment>
    <Execution>
      <TestTypeSpecific />
      <AgentRule name="Execution Agents">
      </AgentRule>
    </Execution>
  </TestSettings>
  <Times creation="2015-02-14T15:25:32.8952367+05:30" queuing="2015-02-14T15:25:39.9466401+05:30" start="2015-02-14T15:25:40.1536519+05:30" finish="2015-02-14T15:29:17.0620584+05:30" />
  <ResultSummary outcome="Error">
    <Counters total="17" executed="2" error="0" failed="1" timeout="0" aborted="1" inconclusive="0" passedButRunAborted="0" notRunnable="0" notExecuted="15" disconnected="0" warning="0" passed="0" completed="0" inProgress="0" pending="0" />
    <RunInfos>
      <RunInfo computerName="DIAL4JOBZ-PC" outcome="Error" timestamp="2015-02-14T15:29:17.0610583+05:30">
        <Text>Test host process exited unexpectedly.</Text>
      </RunInfo>
    </RunInfos>
  </ResultSummary>
  <TestDefinitions>
    <UnitTest name="LogOff_LogsOutAndRedirects" storage="d:\udhaya\kannan\latest\d4j (1)\d4j\dial4jobz\dial4jobz.tests\bin\debug\dial4jobz.tests.dll" id="34939394-7f95-033d-78d3-ee4189fe58a8">
      <Execution id="b66117d0-4bb9-4c47-95d8-147588491505" />
      <TestMethod codeBase="D:/udhaya/kannan/latest/D4J (1)/D4J/Dial4Jobz/Dial4Jobz.Tests/bin/Debug/Dial4Jobz.Tests.DLL" adapterTypeName="Microsoft.VisualStudio.TestTools.TestTypes.Unit.UnitTestAdapter, Microsoft.VisualStudio.QualityTools.Tips.UnitTest.Adapter, Version=10.0.0.0, Culture=neutral, PublicKeyToken=b03f5f7f11d50a3a" className="Dial4Jobz.Tests.Controllers.AccountControllerTest, Dial4Jobz.Tests, Version=1.0.0.0, Culture=neutral, PublicKeyToken=null" name="LogOff_LogsOutAndRedirects" />
    </UnitTest>
    <UnitTest name="Register_Post_ReturnsRedirectOnSuccess" storage="d:\udhaya\kannan\latest\d4j (1)\d4j\dial4jobz\dial4jobz.tests\bin\debug\dial4jobz.tests.dll" id="dbfc1878-09ba-49b0-1b06-5ed7cf8bc1b0">
      <Execution id="a0167074-8760-4736-a69c-e807241ba9a4" />
      <TestMethod codeBase="D:/udhaya/kannan/latest/D4J (1)/D4J/Dial4Jobz/Dial4Jobz.Tests/bin/Debug/Dial4Jobz.Tests.DLL" adapterTypeName="Microsoft.VisualStudio.TestTools.TestTypes.Unit.UnitTestAdapter, Microsoft.VisualStudio.QualityTools.Tips.UnitTest.Adapter, Version=10.0.0.0, Culture=neutral, PublicKeyToken=b03f5f7f11d50a3a" className="Dial4Jobz.Tests.Controllers.AccountControllerTest, Dial4Jobz.Tests, Version=1.0.0.0, Culture=neutral, PublicKeyToken=null" name="Register_Post_ReturnsRedirectOnSuccess" />
    </UnitTest>
    <UnitTest name="Register_Get_ReturnsView" storage="d:\udhaya\kannan\latest\d4j (1)\d4j\dial4jobz\dial4jobz.tests\bin\debug\dial4jobz.tests.dll" id="b47b0f2b-2e0c-1785-8628-2e60de42438e">
      <Execution id="10c5ae2e-b04d-43ee-b140-c7856d016991" />
      <TestMethod codeBase="D:/udhaya/kannan/latest/D4J (1)/D4J/Dial4Jobz/Dial4Jobz.Tests/bin/Debug/Dial4Jobz.Tests.DLL" adapterTypeName="Microsoft.VisualStudio.TestTools.TestTypes.Unit.UnitTestAdapter, Microsoft.VisualStudio.QualityTools.Tips.UnitTest.Adapter, Version=10.0.0.0, Culture=neutral, PublicKeyToken=b03f5f7f11d50a3a" className="Dial4Jobz.Tests.Controllers.AccountControllerTest, Dial4Jobz.Tests, Version=1.0.0.0, Culture=neutral, PublicKeyToken=null" name="Register_Get_ReturnsView" />
    </UnitTest>
    <UnitTest name="LogOn_Post_ReturnsRedirectOnSuccess_WithoutReturnUrl" storage="d:\udhaya\kannan\latest\d4j (1)\d4j\dial4jobz\dial4jobz.tests\bin\debug\dial4jobz.tests.dll" id="0a2e69cc-e55f-517c-3b91-d8f3b5887227">
      <Execution id="42fdadd9-58b1-4aad-b22f-9fc747b61f6d" />
      <TestMethod codeBase="D:/udhaya/kannan/latest/D4J (1)/D4J/Dial4Jobz/Dial4Jobz.Tests/bin/Debug/Dial4Jobz.Tests.DLL" adapterTypeName="Microsoft.VisualStudio.TestTools.TestTypes.Unit.UnitTestAdapter, Microsoft.VisualStudio.QualityTools.Tips.UnitTest.Adapter, Version=10.0.0.0, Culture=neutral, PublicKeyToken=b03f5f7f11d50a3a" className="Dial4Jobz.Tests.Controllers.AccountControllerTest, Dial4Jobz.Tests, Version=1.0.0.0, Culture=neutral, PublicKeyToken=null" name="LogOn_Post_ReturnsRedirectOnSuccess_WithoutReturnUrl" />
    </UnitTest>
    <UnitTest name="LogOn_Post_ReturnsRedirectOnSuccess_WithReturnUrl" storage="d:\udhaya\kannan\latest\d4j (1)\d4j\dial4jobz\dial4jobz.tests\bin\debug\dial4jobz.tests.dll" id="6cd5f15c-af3a-a13c-5eda-62a3835ebe18">
      <Execution id="c66789b3-db13-4ddb-acc7-cb38d196acd1" />
      <TestMethod codeBase="D:/udhaya/kannan/latest/D4J (1)/D4J/Dial4Jobz/Dial4Jobz.Tests/bin/Debug/Dial4Jobz.Tests.DLL" adapterTypeName="Microsoft.VisualStudio.TestTools.TestTypes.Unit.UnitTestAdapter, Microsoft.VisualStudio.QualityTools.Tips.UnitTest.Adapter, Version=10.0.0.0, Culture=neutral, PublicKeyToken=b03f5f7f11d50a3a" className="Dial4Jobz.Tests.Controllers.AccountControllerTest, Dial4Jobz.Tests, Version=1.0.0.0, Culture=neutral, PublicKeyToken=null" name="LogOn_Post_ReturnsRedirectOnSuccess_WithReturnUrl" />
    </UnitTest>
    <UnitTest name="LogOn_Post_ReturnsViewIfModelStateIsInvalid" storage="d:\udhaya\kannan\latest\d4j (1)\d4j\dial4jobz\dial4jobz.tests\bin\debug\dial4jobz.tests.dll" id="a1e3cebc-a18c-1bbe-e878-e5aac6e12e67">
      <Execution id="ec6f6898-af1b-43b1-b134-1699d39485c0" />
      <TestMethod codeBase="D:/udhaya/kannan/latest/D4J (1)/D4J/Dial4Jobz/Dial4Jobz.Tests/bin/Debug/Dial4Jobz.Tests.DLL" adapterTypeName="Microsoft.VisualStudio.TestTools.TestTypes.Unit.UnitTestAdapter, Microsoft.VisualStudio.QualityTools.Tips.UnitTest.Adapter, Version=10.0.0.0, Culture=neutral, PublicKeyToken=b03f5f7f11d50a3a" className="Dial4Jobz.Tests.Controllers.AccountControllerTest, Dial4Jobz.Tests, Version=1.0.0.0, Culture=neutral, PublicKeyToken=null" name="LogOn_Post_ReturnsViewIfModelStateIsInvalid" />
    </UnitTest>
    <UnitTest name="ChangePasswordSuccess_ReturnsView" storage="d:\udhaya\kannan\latest\d4j (1)\d4j\dial4jobz\dial4jobz.tests\bin\debug\dial4jobz.tests.dll" id="118521c1-fb6c-0cd0-f919-71fe1250f425">
      <Execution id="4b241416-99fa-4fa8-9602-88c70de724ba" />
      <TestMethod codeBase="D:/udhaya/kannan/latest/D4J (1)/D4J/Dial4Jobz/Dial4Jobz.Tests/bin/Debug/Dial4Jobz.Tests.DLL" adapterTypeName="Microsoft.VisualStudio.TestTools.TestTypes.Unit.UnitTestAdapter, Microsoft.VisualStudio.QualityTools.Tips.UnitTest.Adapter, Version=10.0.0.0, Culture=neutral, PublicKeyToken=b03f5f7f11d50a3a" className="Dial4Jobz.Tests.Controllers.AccountControllerTest, Dial4Jobz.Tests, Version=1.0.0.0, Culture=neutral, PublicKeyToken=null" name="ChangePasswordSuccess_ReturnsView" />
    </UnitTest>
    <UnitTest name="Index" storage="d:\udhaya\kannan\latest\d4j (1)\d4j\dial4jobz\dial4jobz.tests\bin\debug\dial4jobz.tests.dll" id="0f4d75fd-c35c-50e4-bcbf-274733e29352">
      <Execution id="7e533035-6cc7-459c-8348-6d44058e14f9" />
      <TestMethod codeBase="D:/udhaya/kannan/latest/D4J (1)/D4J/Dial4Jobz/Dial4Jobz.Tests/bin/Debug/Dial4Jobz.Tests.DLL" adapterTypeName="Microsoft.VisualStudio.TestTools.TestTypes.Unit.UnitTestAdapter, Microsoft.VisualStudio.QualityTools.Tips.UnitTest.Adapter, Version=10.0.0.0, Culture=neutral, PublicKeyToken=b03f5f7f11d50a3a" className="Dial4Jobz.Tests.Controllers.HomeControllerTest, Dial4Jobz.Tests, Version=1.0.0.0, Culture=neutral, PublicKeyToken=null" name="Index" />
    </UnitTest>
    <UnitTest name="About" storage="d:\udhaya\kannan\latest\d4j (1)\d4j\dial4jobz\dial4jobz.tests\bin\debug\dial4jobz.tests.dll" id="97377115-8f77-730e-b40c-f370f3479b61">
      <Execution id="8cfafe93-973d-49d5-93b9-02820544945b" />
      <TestMethod codeBase="D:/udhaya/kannan/latest/D4J (1)/D4J/Dial4Jobz/Dial4Jobz.Tests/bin/Debug/Dial4Jobz.Tests.DLL" adapterTypeName="Microsoft.VisualStudio.TestTools.TestTypes.Unit.UnitTestAdapter, Microsoft.VisualStudio.QualityTools.Tips.UnitTest.Adapter, Version=10.0.0.0, Culture=neutral, PublicKeyToken=b03f5f7f11d50a3a" className="Dial4Jobz.Tests.Controllers.HomeControllerTest, Dial4Jobz.Tests, Version=1.0.0.0, Culture=neutral, PublicKeyToken=null" name="About" />
    </UnitTest>
    <UnitTest name="LogOn_Get_ReturnsView" storage="d:\udhaya\kannan\latest\d4j (1)\d4j\dial4jobz\dial4jobz.tests\bin\debug\dial4jobz.tests.dll" id="c4a50e0e-5e0b-a5ac-3bf3-3a8ea76c3904">
      <Execution id="a6c3a975-705b-4c46-88a1-c07f503d40da" />
      <TestMethod codeBase="D:/udhaya/kannan/latest/D4J (1)/D4J/Dial4Jobz/Dial4Jobz.Tests/bin/Debug/Dial4Jobz.Tests.DLL" adapterTypeName="Microsoft.VisualStudio.TestTools.TestTypes.Unit.UnitTestAdapter, Microsoft.VisualStudio.QualityTools.Tips.UnitTest.Adapter, Version=10.0.0.0, Culture=neutral, PublicKeyToken=b03f5f7f11d50a3a" className="Dial4Jobz.Tests.Controllers.AccountControllerTest, Dial4Jobz.Tests, Version=1.0.0.0, Culture=neutral, PublicKeyToken=null" name="LogOn_Get_ReturnsView" />
    </UnitTest>
    <UnitTest name="Register_Post_ReturnsViewIfModelStateIsInvalid" storage="d:\udhaya\kannan\latest\d4j (1)\d4j\dial4jobz\dial4jobz.tests\bin\debug\dial4jobz.tests.dll" id="425a2982-2abe-aa89-cb98-83febba728bb">
      <Execution id="9a59ad5e-42dc-413b-922d-345854bb1430" />
      <TestMethod codeBase="D:/udhaya/kannan/latest/D4J (1)/D4J/Dial4Jobz/Dial4Jobz.Tests/bin/Debug/Dial4Jobz.Tests.DLL" adapterTypeName="Microsoft.VisualStudio.TestTools.TestTypes.Unit.UnitTestAdapter, Microsoft.VisualStudio.QualityTools.Tips.UnitTest.Adapter, Version=10.0.0.0, Culture=neutral, PublicKeyToken=b03f5f7f11d50a3a" className="Dial4Jobz.Tests.Controllers.AccountControllerTest, Dial4Jobz.Tests, Version=1.0.0.0, Culture=neutral, PublicKeyToken=null" name="Register_Post_ReturnsViewIfModelStateIsInvalid" />
    </UnitTest>
    <UnitTest name="LogOn_Post_ReturnsViewIfValidateUserFails" storage="d:\udhaya\kannan\latest\d4j (1)\d4j\dial4jobz\dial4jobz.tests\bin\debug\dial4jobz.tests.dll" id="d0dd70e2-6bbc-0b21-2af5-412af563a0e6">
      <Execution id="8d22638c-9a92-4296-ab78-aa1c992d27c5" />
      <TestMethod codeBase="D:/udhaya/kannan/latest/D4J (1)/D4J/Dial4Jobz/Dial4Jobz.Tests/bin/Debug/Dial4Jobz.Tests.DLL" adapterTypeName="Microsoft.VisualStudio.TestTools.TestTypes.Unit.UnitTestAdapter, Microsoft.VisualStudio.QualityTools.Tips.UnitTest.Adapter, Version=10.0.0.0, Culture=neutral, PublicKeyToken=b03f5f7f11d50a3a" className="Dial4Jobz.Tests.Controllers.AccountControllerTest, Dial4Jobz.Tests, Version=1.0.0.0, Culture=neutral, PublicKeyToken=null" name="LogOn_Post_ReturnsViewIfValidateUserFails" />
    </UnitTest>
    <UnitTest name="ChangePassword_Post_ReturnsViewIfModelStateIsInvalid" storage="d:\udhaya\kannan\latest\d4j (1)\d4j\dial4jobz\dial4jobz.tests\bin\debug\dial4jobz.tests.dll" id="a6494fca-178f-bab7-7303-58228f4f8840">
      <Execution id="4ce2f7e4-ef3b-4e60-bc72-20735846fbe1" />
      <TestMethod codeBase="D:/udhaya/kannan/latest/D4J (1)/D4J/Dial4Jobz/Dial4Jobz.Tests/bin/Debug/Dial4Jobz.Tests.DLL" adapterTypeName="Microsoft.VisualStudio.TestTools.TestTypes.Unit.UnitTestAdapter, Microsoft.VisualStudio.QualityTools.Tips.UnitTest.Adapter, Version=10.0.0.0, Culture=neutral, PublicKeyToken=b03f5f7f11d50a3a" className="Dial4Jobz.Tests.Controllers.AccountControllerTest, Dial4Jobz.Tests, Version=1.0.0.0, Culture=neutral, PublicKeyToken=null" name="ChangePassword_Post_ReturnsViewIfModelStateIsInvalid" />
    </UnitTest>
    <UnitTest name="Register_Post_ReturnsViewIfRegistrationFails" storage="d:\udhaya\kannan\latest\d4j (1)\d4j\dial4jobz\dial4jobz.tests\bin\debug\dial4jobz.tests.dll" id="30ea97f5-c6a8-014a-dbe0-9500a95a0f3d">
      <Execution id="204bc3a1-9202-4696-80f3-5cdd27c838d2" />
      <TestMethod codeBase="D:/udhaya/kannan/latest/D4J (1)/D4J/Dial4Jobz/Dial4Jobz.Tests/bin/Debug/Dial4Jobz.Tests.DLL" adapterTypeName="Microsoft.VisualStudio.TestTools.TestTypes.Unit.UnitTestAdapter, Microsoft.VisualStudio.QualityTools.Tips.UnitTest.Adapter, Version=10.0.0.0, Culture=neutral, PublicKeyToken=b03f5f7f11d50a3a" className="Dial4Jobz.Tests.Controllers.AccountControllerTest, Dial4Jobz.Tests, Version=1.0.0.0, Culture=neutral, PublicKeyToken=null" name="Register_Post_ReturnsViewIfRegistrationFails" />
    </UnitTest>
    <UnitTest name="ChangePassword_Get_ReturnsView" storage="d:\udhaya\kannan\latest\d4j (1)\d4j\dial4jobz\dial4jobz.tests\bin\debug\dial4jobz.tests.dll" id="1c36afd6-1957-5208-42e3-92c3edacad23">
      <Execution id="1b656963-cf89-4075-842d-80eee1362aea" />
      <TestMethod codeBase="D:/udhaya/kannan/latest/D4J (1)/D4J/Dial4Jobz/Dial4Jobz.Tests/bin/Debug/Dial4Jobz.Tests.DLL" adapterTypeName="Microsoft.VisualStudio.TestTools.TestTypes.Unit.UnitTestAdapter, Microsoft.VisualStudio.QualityTools.Tips.UnitTest.Adapter, Version=10.0.0.0, Culture=neutral, PublicKeyToken=b03f5f7f11d50a3a" className="Dial4Jobz.Tests.Controllers.AccountControllerTest, Dial4Jobz.Tests, Version=1.0.0.0, Culture=neutral, PublicKeyToken=null" name="ChangePassword_Get_ReturnsView" />
    </UnitTest>
    <UnitTest name="ChangePassword_Post_ReturnsViewIfChangePasswordFails" storage="d:\udhaya\kannan\latest\d4j (1)\d4j\dial4jobz\dial4jobz.tests\bin\debug\dial4jobz.tests.dll" id="480e3065-4e9d-c2e5-85e5-151883a23700">
      <Execution id="da5348de-7610-40a4-9697-dc2018d3ce70" />
      <TestMethod codeBase="D:/udhaya/kannan/latest/D4J (1)/D4J/Dial4Jobz/Dial4Jobz.Tests/bin/Debug/Dial4Jobz.Tests.DLL" adapterTypeName="Microsoft.VisualStudio.TestTools.TestTypes.Unit.UnitTestAdapter, Microsoft.VisualStudio.QualityTools.Tips.UnitTest.Adapter, Version=10.0.0.0, Culture=neutral, PublicKeyToken=b03f5f7f11d50a3a" className="Dial4Jobz.Tests.Controllers.AccountControllerTest, Dial4Jobz.Tests, Version=1.0.0.0, Culture=neutral, PublicKeyToken=null" name="ChangePassword_Post_ReturnsViewIfChangePasswordFails" />
    </UnitTest>
    <UnitTest name="ChangePassword_Post_ReturnsRedirectOnSuccess" storage="d:\udhaya\kannan\latest\d4j (1)\d4j\dial4jobz\dial4jobz.tests\bin\debug\dial4jobz.tests.dll" id="7b4c101a-0ba7-1901-9a66-a2f27ae7e7d2">
      <Execution id="783a50d9-be52-4a8b-9cf5-fcf13d776894" />
      <TestMethod codeBase="D:/udhaya/kannan/latest/D4J (1)/D4J/Dial4Jobz/Dial4Jobz.Tests/bin/Debug/Dial4Jobz.Tests.DLL" adapterTypeName="Microsoft.VisualStudio.TestTools.TestTypes.Unit.UnitTestAdapter, Microsoft.VisualStudio.QualityTools.Tips.UnitTest.Adapter, Version=10.0.0.0, Culture=neutral, PublicKeyToken=b03f5f7f11d50a3a" className="Dial4Jobz.Tests.Controllers.AccountControllerTest, Dial4Jobz.Tests, Version=1.0.0.0, Culture=neutral, PublicKeyToken=null" name="ChangePassword_Post_ReturnsRedirectOnSuccess" />
    </UnitTest>
  </TestDefinitions>
  <TestLists>
    <TestList name="Results Not in a List" id="8c84fa94-04c1-424b-9868-57a2d4851a1d" />
    <TestList name="All Loaded Results" id="19431567-8539-422a-85d7-44ee4e166bda" />
  </TestLists>
  <TestEntries>
    <TestEntry testId="0a2e69cc-e55f-517c-3b91-d8f3b5887227" executionId="42fdadd9-58b1-4aad-b22f-9fc747b61f6d" testListId="8c84fa94-04c1-424b-9868-57a2d4851a1d" />
    <TestEntry testId="0f4d75fd-c35c-50e4-bcbf-274733e29352" executionId="7e533035-6cc7-459c-8348-6d44058e14f9" testListId="8c84fa94-04c1-424b-9868-57a2d4851a1d" />
    <TestEntry testId="118521c1-fb6c-0cd0-f919-71fe1250f425" executionId="4b241416-99fa-4fa8-9602-88c70de724ba" testListId="8c84fa94-04c1-424b-9868-57a2d4851a1d" />
    <TestEntry testId="1c36afd6-1957-5208-42e3-92c3edacad23" executionId="1b656963-cf89-4075-842d-80eee1362aea" testListId="8c84fa94-04c1-424b-9868-57a2d4851a1d" />
    <TestEntry testId="30ea97f5-c6a8-014a-dbe0-9500a95a0f3d" executionId="204bc3a1-9202-4696-80f3-5cdd27c838d2" testListId="8c84fa94-04c1-424b-9868-57a2d4851a1d" />
    <TestEntry testId="34939394-7f95-033d-78d3-ee4189fe58a8" executionId="b66117d0-4bb9-4c47-95d8-147588491505" testListId="8c84fa94-04c1-424b-9868-57a2d4851a1d" />
    <TestEntry testId="425a2982-2abe-aa89-cb98-83febba728bb" executionId="9a59ad5e-42dc-413b-922d-345854bb1430" testListId="8c84fa94-04c1-424b-9868-57a2d4851a1d" />
    <TestEntry testId="480e3065-4e9d-c2e5-85e5-151883a23700" executionId="da5348de-7610-40a4-9697-dc2018d3ce70" testListId="8c84fa94-04c1-424b-9868-57a2d4851a1d" />
    <TestEntry testId="6cd5f15c-af3a-a13c-5eda-62a3835ebe18" executionId="c66789b3-db13-4ddb-acc7-cb38d196acd1" testListId="8c84fa94-04c1-424b-9868-57a2d4851a1d" />
    <TestEntry testId="7b4c101a-0ba7-1901-9a66-a2f27ae7e7d2" executionId="783a50d9-be52-4a8b-9cf5-fcf13d776894" testListId="8c84fa94-04c1-424b-9868-57a2d4851a1d" />
    <TestEntry testId="97377115-8f77-730e-b40c-f370f3479b61" executionId="8cfafe93-973d-49d5-93b9-02820544945b" testListId="8c84fa94-04c1-424b-9868-57a2d4851a1d" />
    <TestEntry testId="a1e3cebc-a18c-1bbe-e878-e5aac6e12e67" executionId="ec6f6898-af1b-43b1-b134-1699d39485c0" testListId="8c84fa94-04c1-424b-9868-57a2d4851a1d" />
    <TestEntry testId="a6494fca-178f-bab7-7303-58228f4f8840" executionId="4ce2f7e4-ef3b-4e60-bc72-20735846fbe1" testListId="8c84fa94-04c1-424b-9868-57a2d4851a1d" />
    <TestEntry testId="b47b0f2b-2e0c-1785-8628-2e60de42438e" executionId="10c5ae2e-b04d-43ee-b140-c7856d016991" testListId="8c84fa94-04c1-424b-9868-57a2d4851a1d" />
    <TestEntry testId="c4a50e0e-5e0b-a5ac-3bf3-3a8ea76c3904" executionId="a6c3a975-705b-4c46-88a1-c07f503d40da" testListId="8c84fa94-04c1-424b-9868-57a2d4851a1d" />
    <TestEntry testId="d0dd70e2-6bbc-0b21-2af5-412af563a0e6" executionId="8d22638c-9a92-4296-ab78-aa1c992d27c5" testListId="8c84fa94-04c1-424b-9868-57a2d4851a1d" />
    <TestEntry testId="dbfc1878-09ba-49b0-1b06-5ed7cf8bc1b0" executionId="a0167074-8760-4736-a69c-e807241ba9a4" testListId="8c84fa94-04c1-424b-9868-57a2d4851a1d" />
  </TestEntries>
  <Results>
    <UnitTestResult executionId="42fdadd9-58b1-4aad-b22f-9fc747b61f6d" testId="0a2e69cc-e55f-517c-3b91-d8f3b5887227" testName="LogOn_Post_ReturnsRedirectOnSuccess_WithoutReturnUrl" computerName="DIAL4JOBZ-PC" duration="00:00:03.7422299" startTime="2015-02-14T15:25:40.7546863+05:30" endTime="2015-02-14T15:25:45.6339654+05:30" testType="13cdc9d9-ddb5-4fa4-a97d-d965ccfc6d4b" outcome="Failed" testListId="8c84fa94-04c1-424b-9868-57a2d4851a1d" relativeResultsDirectory="42fdadd9-58b1-4aad-b22f-9fc747b61f6d">
      <Output>
        <ErrorInfo>
          <Message>Test method Dial4Jobz.Tests.Controllers.AccountControllerTest.LogOn_Post_ReturnsRedirectOnSuccess_WithoutReturnUrl threw exception: 
System.ArgumentException: The specified named connection is either not found in the configuration, not intended to be used with the EntityClient provider, or not valid.</Message>
          <StackTrace>    at System.Data.EntityClient.EntityConnection.ChangeConnectionString(String newConnectionString)
   at System.Data.EntityClient.EntityConnection..ctor(String connectionString)
   at System.Data.Objects.ObjectContext.CreateEntityConnection(String connectionString)
   at System.Data.Objects.ObjectContext..ctor(String connectionString, String defaultContainerName)
   at Dial4Jobz.Models.Dial4JobzEntities..ctor() in D:\udhaya\kannan\latest\D4J (1)\D4J\Dial4Jobz\Dial4Jobz\Models\Dial4Jobz.Designer.cs:line 109
   at Dial4Jobz.Models.Repositories.Repository..ctor() in D:\udhaya\kannan\latest\D4J (1)\D4J\Dial4Jobz\Dial4Jobz\Models\Repositories\Repository.cs:line 14
   at Dial4Jobz.Controllers.AccountController..ctor() in D:\udhaya\kannan\latest\D4J (1)\D4J\Dial4Jobz\Dial4Jobz\Controllers\AccountController.cs:line 22
   at Dial4Jobz.Tests.Controllers.AccountControllerTest.GetAccountController() in D:\udhaya\kannan\latest\D4J (1)\D4J\Dial4Jobz\Dial4Jobz.Tests\Controllers\AccountControllerTest.cs:line 322
   at Dial4Jobz.Tests.Controllers.AccountControllerTest.LogOn_Post_ReturnsRedirectOnSuccess_WithoutReturnUrl() in D:\udhaya\kannan\latest\D4J (1)\D4J\Dial4Jobz\Dial4Jobz.Tests\Controllers\AccountControllerTest.cs:line 147
</StackTrace>
        </ErrorInfo>
      </Output>
    </UnitTestResult>
    <UnitTestResult executionId="7e533035-6cc7-459c-8348-6d44058e14f9" testId="0f4d75fd-c35c-50e4-bcbf-274733e29352" testName="Index" computerName="DIAL4JOBZ-PC" duration="00:03:31.3850906" startTime="2015-02-14T15:25:45.6769678+05:30" endTime="2015-02-14T15:29:17.0620584+05:30" testType="13cdc9d9-ddb5-4fa4-a97d-d965ccfc6d4b" outcome="Aborted" testListId="8c84fa94-04c1-424b-9868-57a2d4851a1d" relativeResultsDirectory="7e533035-6cc7-459c-8348-6d44058e14f9">
    </UnitTestResult>
    <UnitTestResult executionId="4b241416-99fa-4fa8-9602-88c70de724ba" testId="118521c1-fb6c-0cd0-f919-71fe1250f425" testName="ChangePasswordSuccess_ReturnsView" computerName="DIAL4JOBZ-PC" testType="13cdc9d9-ddb5-4fa4-a97d-d965ccfc6d4b" outcome="NotExecuted" testListId="8c84fa94-04c1-424b-9868-57a2d4851a1d" relativeResultsDirectory="4b241416-99fa-4fa8-9602-88c70de724ba">
    </UnitTestResult>
    <UnitTestResult executionId="1b656963-cf89-4075-842d-80eee1362aea" testId="1c36afd6-1957-5208-42e3-92c3edacad23" testName="ChangePassword_Get_ReturnsView" computerName="DIAL4JOBZ-PC" testType="13cdc9d9-ddb5-4fa4-a97d-d965ccfc6d4b" outcome="NotExecuted" testListId="8c84fa94-04c1-424b-9868-57a2d4851a1d" relativeResultsDirectory="1b656963-cf89-4075-842d-80eee1362aea">
    </UnitTestResult>
    <UnitTestResult executionId="204bc3a1-9202-4696-80f3-5cdd27c838d2" testId="30ea97f5-c6a8-014a-dbe0-9500a95a0f3d" testName="Register_Post_ReturnsViewIfRegistrationFails" computerName="DIAL4JOBZ-PC" testType="13cdc9d9-ddb5-4fa4-a97d-d965ccfc6d4b" outcome="NotExecuted" testListId="8c84fa94-04c1-424b-9868-57a2d4851a1d" relativeResultsDirectory="204bc3a1-9202-4696-80f3-5cdd27c838d2">
    </UnitTestResult>
    <UnitTestResult executionId="b66117d0-4bb9-4c47-95d8-147588491505" testId="34939394-7f95-033d-78d3-ee4189fe58a8" testName="LogOff_LogsOutAndRedirects" computerName="DIAL4JOBZ-PC" testType="13cdc9d9-ddb5-4fa4-a97d-d965ccfc6d4b" outcome="NotExecuted" testListId="8c84fa94-04c1-424b-9868-57a2d4851a1d" relativeResultsDirectory="b66117d0-4bb9-4c47-95d8-147588491505">
    </UnitTestResult>
    <UnitTestResult executionId="9a59ad5e-42dc-413b-922d-345854bb1430" testId="425a2982-2abe-aa89-cb98-83febba728bb" testName="Register_Post_ReturnsViewIfModelStateIsInvalid" computerName="DIAL4JOBZ-PC" testType="13cdc9d9-ddb5-4fa4-a97d-d965ccfc6d4b" outcome="NotExecuted" testListId="8c84fa94-04c1-424b-9868-57a2d4851a1d" relativeResultsDirectory="9a59ad5e-42dc-413b-922d-345854bb1430">
    </UnitTestResult>
    <UnitTestResult executionId="da5348de-7610-40a4-9697-dc2018d3ce70" testId="480e3065-4e9d-c2e5-85e5-151883a23700" testName="ChangePassword_Post_ReturnsViewIfChangePasswordFails" computerName="DIAL4JOBZ-PC" testType="13cdc9d9-ddb5-4fa4-a97d-d965ccfc6d4b" outcome="NotExecuted" testListId="8c84fa94-04c1-424b-9868-57a2d4851a1d" relativeResultsDirectory="da5348de-7610-40a4-9697-dc2018d3ce70">
    </UnitTestResult>
    <UnitTestResult executionId="c66789b3-db13-4ddb-acc7-cb38d196acd1" testId="6cd5f15c-af3a-a13c-5eda-62a3835ebe18" testName="LogOn_Post_ReturnsRedirectOnSuccess_WithReturnUrl" computerName="DIAL4JOBZ-PC" testType="13cdc9d9-ddb5-4fa4-a97d-d965ccfc6d4b" outcome="NotExecuted" testListId="8c84fa94-04c1-424b-9868-57a2d4851a1d" relativeResultsDirectory="c66789b3-db13-4ddb-acc7-cb38d196acd1">
    </UnitTestResult>
    <UnitTestResult executionId="783a50d9-be52-4a8b-9cf5-fcf13d776894" testId="7b4c101a-0ba7-1901-9a66-a2f27ae7e7d2" testName="ChangePassword_Post_ReturnsRedirectOnSuccess" computerName="DIAL4JOBZ-PC" testType="13cdc9d9-ddb5-4fa4-a97d-d965ccfc6d4b" outcome="NotExecuted" testListId="8c84fa94-04c1-424b-9868-57a2d4851a1d" relativeResultsDirectory="783a50d9-be52-4a8b-9cf5-fcf13d776894">
    </UnitTestResult>
    <UnitTestResult executionId="8cfafe93-973d-49d5-93b9-02820544945b" testId="97377115-8f77-730e-b40c-f370f3479b61" testName="About" computerName="DIAL4JOBZ-PC" testType="13cdc9d9-ddb5-4fa4-a97d-d965ccfc6d4b" outcome="NotExecuted" testListId="8c84fa94-04c1-424b-9868-57a2d4851a1d" relativeResultsDirectory="8cfafe93-973d-49d5-93b9-02820544945b">
    </UnitTestResult>
    <UnitTestResult executionId="ec6f6898-af1b-43b1-b134-1699d39485c0" testId="a1e3cebc-a18c-1bbe-e878-e5aac6e12e67" testName="LogOn_Post_ReturnsViewIfModelStateIsInvalid" computerName="DIAL4JOBZ-PC" testType="13cdc9d9-ddb5-4fa4-a97d-d965ccfc6d4b" outcome="NotExecuted" testListId="8c84fa94-04c1-424b-9868-57a2d4851a1d" relativeResultsDirectory="ec6f6898-af1b-43b1-b134-1699d39485c0">
    </UnitTestResult>
    <UnitTestResult executionId="4ce2f7e4-ef3b-4e60-bc72-20735846fbe1" testId="a6494fca-178f-bab7-7303-58228f4f8840" testName="ChangePassword_Post_ReturnsViewIfModelStateIsInvalid" computerName="DIAL4JOBZ-PC" testType="13cdc9d9-ddb5-4fa4-a97d-d965ccfc6d4b" outcome="NotExecuted" testListId="8c84fa94-04c1-424b-9868-57a2d4851a1d" relativeResultsDirectory="4ce2f7e4-ef3b-4e60-bc72-20735846fbe1">
    </UnitTestResult>
    <UnitTestResult executionId="10c5ae2e-b04d-43ee-b140-c7856d016991" testId="b47b0f2b-2e0c-1785-8628-2e60de42438e" testName="Register_Get_ReturnsView" computerName="DIAL4JOBZ-PC" testType="13cdc9d9-ddb5-4fa4-a97d-d965ccfc6d4b" outcome="NotExecuted" testListId="8c84fa94-04c1-424b-9868-57a2d4851a1d" relativeResultsDirectory="10c5ae2e-b04d-43ee-b140-c7856d016991">
    </UnitTestResult>
    <UnitTestResult executionId="a6c3a975-705b-4c46-88a1-c07f503d40da" testId="c4a50e0e-5e0b-a5ac-3bf3-3a8ea76c3904" testName="LogOn_Get_ReturnsView" computerName="DIAL4JOBZ-PC" testType="13cdc9d9-ddb5-4fa4-a97d-d965ccfc6d4b" outcome="NotExecuted" testListId="8c84fa94-04c1-424b-9868-57a2d4851a1d" relativeResultsDirectory="a6c3a975-705b-4c46-88a1-c07f503d40da">
    </UnitTestResult>
    <UnitTestResult executionId="8d22638c-9a92-4296-ab78-aa1c992d27c5" testId="d0dd70e2-6bbc-0b21-2af5-412af563a0e6" testName="LogOn_Post_ReturnsViewIfValidateUserFails" computerName="DIAL4JOBZ-PC" testType="13cdc9d9-ddb5-4fa4-a97d-d965ccfc6d4b" outcome="NotExecuted" testListId="8c84fa94-04c1-424b-9868-57a2d4851a1d" relativeResultsDirectory="8d22638c-9a92-4296-ab78-aa1c992d27c5">
    </UnitTestResult>
    <UnitTestResult executionId="a0167074-8760-4736-a69c-e807241ba9a4" testId="dbfc1878-09ba-49b0-1b06-5ed7cf8bc1b0" testName="Register_Post_ReturnsRedirectOnSuccess" computerName="DIAL4JOBZ-PC" testType="13cdc9d9-ddb5-4fa4-a97d-d965ccfc6d4b" outcome="NotExecuted" testListId="8c84fa94-04c1-424b-9868-57a2d4851a1d" relativeResultsDirectory="a0167074-8760-4736-a69c-e807241ba9a4">
    </UnitTestResult>
  </Results>
</TestRun>